<?xml version="1.0" encoding="UTF-8"?>
<coverage generated="1776693503595" clover="3.2.0">
  <project timestamp="1776693503595" name="All files">
    <metrics statements="486" coveredstatements="474" conditionals="119" coveredconditionals="116" methods="18" coveredmethods="17" elements="623" coveredelements="607" complexity="0" loc="486" ncloc="486" packages="1" files="3" classes="3"/>
    <file name="fixLayout.ts" path="C:\Users\nowbo\proj-gen\src\lib\fixLayout.ts">
      <metrics statements="120" coveredstatements="120" conditionals="52" coveredconditionals="50" methods="9" coveredmethods="9"/>
      <line num="1" count="1" type="stmt"/>
      <line num="16" count="1" type="cond" truecount="1" falsecount="0"/>
      <line num="17" count="11" type="stmt"/>
      <line num="18" count="11" type="stmt"/>
      <line num="19" count="11" type="cond" truecount="1" falsecount="0"/>
      <line num="20" count="11" type="cond" truecount="1" falsecount="0"/>
      <line num="22" count="11" type="cond" truecount="1" falsecount="0"/>
      <line num="23" count="66" type="stmt"/>
      <line num="24" count="66" type="cond" truecount="2" falsecount="0"/>
      <line num="25" count="13" type="stmt"/>
      <line num="26" count="13" type="stmt"/>
      <line num="27" count="13" type="stmt"/>
      <line num="28" count="13" type="stmt"/>
      <line num="29" count="13" type="stmt"/>
      <line num="32" count="11" type="stmt"/>
      <line num="33" count="11" type="cond" truecount="1" falsecount="0"/>
      <line num="34" count="4" type="stmt"/>
      <line num="35" count="4" type="stmt"/>
      <line num="36" count="11" type="stmt"/>
      <line num="37" count="11" type="stmt"/>
      <line num="39" count="26" type="cond" truecount="1" falsecount="0"/>
      <line num="40" count="26" type="stmt"/>
      <line num="41" count="26" type="stmt"/>
      <line num="43" count="22" type="cond" truecount="1" falsecount="0"/>
      <line num="44" count="22" type="stmt"/>
      <line num="45" count="22" type="stmt"/>
      <line num="47" count="4" type="cond" truecount="1" falsecount="0"/>
      <line num="48" count="4" type="cond" truecount="2" falsecount="0"/>
      <line num="49" count="4" type="stmt"/>
      <line num="51" count="21" type="cond" truecount="1" falsecount="0"/>
      <line num="52" count="21" type="cond" truecount="2" falsecount="0"/>
      <line num="53" count="21" type="cond" truecount="2" falsecount="0"/>
      <line num="54" count="21" type="cond" truecount="1" falsecount="0"/>
      <line num="56" count="1" type="stmt"/>
      <line num="57" count="1" type="stmt"/>
      <line num="65" count="1" type="cond" truecount="1" falsecount="0"/>
      <line num="66" count="10" type="stmt"/>
      <line num="67" count="10" type="stmt"/>
      <line num="69" count="10" type="stmt"/>
      <line num="70" count="10" type="cond" truecount="1" falsecount="0"/>
      <line num="71" count="60" type="stmt"/>
      <line num="72" count="60" type="cond" truecount="2" falsecount="0"/>
      <line num="73" count="60" type="cond" truecount="1" falsecount="0"/>
      <line num="74" count="60" type="stmt"/>
      <line num="75" count="60" type="stmt"/>
      <line num="77" count="60" type="cond" truecount="1" falsecount="0"/>
      <line num="78" count="1" type="stmt"/>
      <line num="79" count="1" type="cond" truecount="1" falsecount="0"/>
      <line num="80" count="60" type="cond" truecount="1" falsecount="0"/>
      <line num="81" count="1" type="stmt"/>
      <line num="82" count="1" type="cond" truecount="1" falsecount="0"/>
      <line num="83" count="60" type="cond" truecount="1" falsecount="0"/>
      <line num="84" count="1" type="stmt"/>
      <line num="85" count="1" type="cond" truecount="1" falsecount="0"/>
      <line num="86" count="60" type="cond" truecount="1" falsecount="0"/>
      <line num="87" count="2" type="stmt"/>
      <line num="88" count="2" type="stmt"/>
      <line num="89" count="60" type="stmt"/>
      <line num="94" count="10" type="cond" truecount="1" falsecount="0"/>
      <line num="95" count="40" type="stmt"/>
      <line num="96" count="40" type="cond" truecount="2" falsecount="0"/>
      <line num="97" count="12" type="stmt"/>
      <line num="98" count="12" type="cond" truecount="2" falsecount="0"/>
      <line num="99" count="11" type="stmt"/>
      <line num="100" count="11" type="stmt"/>
      <line num="101" count="40" type="cond" truecount="1" falsecount="0"/>
      <line num="102" count="1" type="stmt"/>
      <line num="103" count="1" type="stmt"/>
      <line num="104" count="1" type="stmt"/>
      <line num="105" count="1" type="stmt"/>
      <line num="106" count="1" type="stmt"/>
      <line num="107" count="1" type="stmt"/>
      <line num="108" count="40" type="stmt"/>
      <line num="112" count="10" type="stmt"/>
      <line num="113" count="10" type="cond" truecount="1" falsecount="0"/>
      <line num="114" count="40" type="cond" truecount="1" falsecount="0"/>
      <line num="115" count="60" type="stmt"/>
      <line num="116" count="60" type="stmt"/>
      <line num="117" count="60" type="stmt"/>
      <line num="118" count="60" type="stmt"/>
      <line num="119" count="60" type="cond" truecount="3" falsecount="0"/>
      <line num="120" count="60" type="cond" truecount="1" falsecount="0"/>
      <line num="121" count="1" type="stmt"/>
      <line num="122" count="1" type="stmt"/>
      <line num="123" count="1" type="stmt"/>
      <line num="124" count="1" type="stmt"/>
      <line num="125" count="1" type="stmt"/>
      <line num="126" count="1" type="stmt"/>
      <line num="127" count="60" type="stmt"/>
      <line num="128" count="40" type="stmt"/>
      <line num="132" count="10" type="stmt"/>
      <line num="133" count="10" type="cond" truecount="1" falsecount="0"/>
      <line num="134" count="20" type="stmt"/>
      <line num="135" count="20" type="cond" truecount="2" falsecount="0"/>
      <line num="136" count="20" type="cond" truecount="1" falsecount="0"/>
      <line num="137" count="2" type="stmt"/>
      <line num="138" count="2" type="stmt"/>
      <line num="139" count="20" type="stmt"/>
      <line num="141" count="10" type="stmt"/>
      <line num="142" count="10" type="stmt"/>
      <line num="144" count="1" type="cond" truecount="1" falsecount="0"/>
      <line num="146" count="1" type="stmt"/>
      <line num="147" count="1" type="stmt"/>
      <line num="148" count="1" type="stmt"/>
      <line num="150" count="2" type="cond" truecount="1" falsecount="0"/>
      <line num="151" count="2" type="stmt"/>
      <line num="152" count="2" type="stmt"/>
      <line num="153" count="2" type="stmt"/>
      <line num="154" count="2" type="cond" truecount="0" falsecount="1"/>
      <line num="155" count="2" type="cond" truecount="0" falsecount="1"/>
      <line num="156" count="2" type="stmt"/>
      <line num="157" count="2" type="stmt"/>
      <line num="158" count="2" type="stmt"/>
      <line num="159" count="2" type="stmt"/>
      <line num="160" count="2" type="cond" truecount="1" falsecount="0"/>
      <line num="161" count="1" type="stmt"/>
      <line num="163" count="2" type="stmt"/>
      <line num="165" count="10" type="cond" truecount="1" falsecount="0"/>
      <line num="166" count="10" type="stmt"/>
      <line num="167" count="10" type="stmt"/>
    </file>
    <file name="paletteFromImage.ts" path="C:\Users\nowbo\proj-gen\src\lib\paletteFromImage.ts">
      <metrics statements="118" coveredstatements="118" conditionals="57" coveredconditionals="56" methods="6" coveredmethods="6"/>
      <line num="1" count="1" type="stmt"/>
      <line num="25" count="1" type="stmt"/>
      <line num="32" count="1" type="cond" truecount="1" falsecount="0"/>
      <line num="33" count="28" type="stmt"/>
      <line num="34" count="28" type="stmt"/>
      <line num="35" count="28" type="stmt"/>
      <line num="36" count="28" type="cond" truecount="1" falsecount="0"/>
      <line num="37" count="28" type="cond" truecount="2" falsecount="0"/>
      <line num="39" count="27" type="cond" truecount="1" falsecount="0"/>
      <line num="40" count="27" type="cond" truecount="1" falsecount="0"/>
      <line num="43" count="28" type="cond" truecount="2" falsecount="0"/>
      <line num="44" count="28" type="stmt"/>
      <line num="45" count="28" type="cond" truecount="1" falsecount="0"/>
      <line num="46" count="81" type="stmt"/>
      <line num="47" count="81" type="stmt"/>
      <line num="48" count="28" type="stmt"/>
      <line num="49" count="28" type="cond" truecount="2" falsecount="1"/>
      <line num="50" count="28" type="stmt"/>
      <line num="51" count="28" type="stmt"/>
      <line num="57" count="28" type="cond" truecount="2" falsecount="0"/>
      <line num="58" count="28" type="cond" truecount="1" falsecount="0"/>
      <line num="59" count="28" type="cond" truecount="1" falsecount="0"/>
      <line num="61" count="28" type="stmt"/>
      <line num="65" count="28" type="cond" truecount="2" falsecount="0"/>
      <line num="67" count="28" type="cond" truecount="1" falsecount="0"/>
      <line num="68" count="3" type="cond" truecount="1" falsecount="0"/>
      <line num="69" count="24" type="stmt"/>
      <line num="71" count="28" type="cond" truecount="1" falsecount="0"/>
      <line num="72" count="3" type="cond" truecount="1" falsecount="0"/>
      <line num="73" count="24" type="stmt"/>
      <line num="77" count="28" type="cond" truecount="2" falsecount="0"/>
      <line num="78" count="28" type="cond" truecount="2" falsecount="0"/>
      <line num="79" count="28" type="stmt"/>
      <line num="80" count="28" type="stmt"/>
      <line num="83" count="28" type="stmt"/>
      <line num="84" count="28" type="stmt"/>
      <line num="85" count="28" type="stmt"/>
      <line num="86" count="28" type="stmt"/>
      <line num="87" count="28" type="stmt"/>
      <line num="90" count="28" type="stmt"/>
      <line num="91" count="28" type="cond" truecount="1" falsecount="0"/>
      <line num="93" count="10" type="stmt"/>
      <line num="94" count="10" type="stmt"/>
      <line num="95" count="10" type="stmt"/>
      <line num="96" count="10" type="stmt"/>
      <line num="97" count="10" type="stmt"/>
      <line num="98" count="10" type="stmt"/>
      <line num="99" count="10" type="stmt"/>
      <line num="100" count="10" type="stmt"/>
      <line num="101" count="10" type="stmt"/>
      <line num="102" count="10" type="cond" truecount="1" falsecount="0"/>
      <line num="104" count="27" type="stmt"/>
      <line num="105" count="27" type="stmt"/>
      <line num="106" count="27" type="stmt"/>
      <line num="107" count="27" type="stmt"/>
      <line num="108" count="27" type="stmt"/>
      <line num="109" count="27" type="stmt"/>
      <line num="110" count="27" type="stmt"/>
      <line num="112" count="27" type="stmt"/>
      <line num="113" count="27" type="stmt"/>
      <line num="114" count="27" type="stmt"/>
      <line num="122" count="1" type="cond" truecount="1" falsecount="0"/>
      <line num="123" count="6" type="stmt"/>
      <line num="124" count="6" type="stmt"/>
      <line num="125" count="6" type="stmt"/>
      <line num="126" count="6" type="stmt"/>
      <line num="127" count="6" type="cond" truecount="2" falsecount="0"/>
      <line num="128" count="5" type="stmt"/>
      <line num="129" count="5" type="cond" truecount="1" falsecount="0"/>
      <line num="130" count="5" type="cond" truecount="1" falsecount="0"/>
      <line num="132" count="6" type="cond" truecount="2" falsecount="0"/>
      <line num="134" count="4" type="stmt"/>
      <line num="136" count="4" type="stmt"/>
      <line num="137" count="4" type="cond" truecount="1" falsecount="0"/>
      <line num="138" count="4" type="cond" truecount="1" falsecount="0"/>
      <line num="139" count="6" type="cond" truecount="1" falsecount="0"/>
      <line num="140" count="15" type="cond" truecount="2" falsecount="0"/>
      <line num="141" count="14" type="cond" truecount="1" falsecount="0"/>
      <line num="142" count="14" type="cond" truecount="2" falsecount="0"/>
      <line num="143" count="13" type="stmt"/>
      <line num="144" count="13" type="cond" truecount="1" falsecount="0"/>
      <line num="146" count="4" type="cond" truecount="1" falsecount="0"/>
      <line num="147" count="13" type="stmt"/>
      <line num="148" count="13" type="cond" truecount="1" falsecount="0"/>
      <line num="149" count="13" type="stmt"/>
      <line num="150" count="13" type="stmt"/>
      <line num="151" count="4" type="stmt"/>
      <line num="152" count="4" type="stmt"/>
      <line num="154" count="19" type="cond" truecount="1" falsecount="0"/>
      <line num="155" count="19" type="stmt"/>
      <line num="156" count="19" type="cond" truecount="2" falsecount="0"/>
      <line num="157" count="19" type="stmt"/>
      <line num="160" count="99" type="cond" truecount="1" falsecount="0"/>
      <line num="161" count="99" type="cond" truecount="3" falsecount="0"/>
      <line num="162" count="92" type="stmt"/>
      <line num="163" count="92" type="stmt"/>
      <line num="164" count="92" type="stmt"/>
      <line num="165" count="92" type="stmt"/>
      <line num="167" count="27" type="cond" truecount="1" falsecount="0"/>
      <line num="168" count="27" type="stmt"/>
      <line num="169" count="27" type="stmt"/>
      <line num="170" count="27" type="stmt"/>
      <line num="171" count="27" type="stmt"/>
      <line num="177" count="27" type="cond" truecount="1" falsecount="0"/>
      <line num="178" count="27" type="stmt"/>
      <line num="179" count="27" type="cond" truecount="1" falsecount="0"/>
      <line num="181" count="3" type="stmt"/>
      <line num="182" count="3" type="stmt"/>
      <line num="183" count="3" type="stmt"/>
      <line num="184" count="3" type="stmt"/>
      <line num="185" count="3" type="stmt"/>
      <line num="186" count="3" type="cond" truecount="1" falsecount="0"/>
      <line num="188" count="24" type="stmt"/>
      <line num="189" count="24" type="stmt"/>
      <line num="190" count="24" type="stmt"/>
      <line num="191" count="24" type="stmt"/>
      <line num="192" count="24" type="stmt"/>
      <line num="193" count="24" type="stmt"/>
    </file>
    <file name="serialize.ts" path="C:\Users\nowbo\proj-gen\src\lib\serialize.ts">
      <metrics statements="248" coveredstatements="236" conditionals="10" coveredconditionals="10" methods="3" coveredmethods="2"/>
      <line num="1" count="1" type="stmt"/>
      <line num="10" count="1" type="stmt"/>
      <line num="12" count="1" type="stmt"/>
      <line num="13" count="1" type="stmt"/>
      <line num="14" count="1" type="stmt"/>
      <line num="15" count="1" type="stmt"/>
      <line num="16" count="1" type="stmt"/>
      <line num="17" count="1" type="stmt"/>
      <line num="19" count="1" type="stmt"/>
      <line num="20" count="1" type="stmt"/>
      <line num="21" count="1" type="stmt"/>
      <line num="22" count="1" type="stmt"/>
      <line num="23" count="1" type="stmt"/>
      <line num="24" count="1" type="stmt"/>
      <line num="25" count="1" type="stmt"/>
      <line num="26" count="1" type="stmt"/>
      <line num="27" count="1" type="stmt"/>
      <line num="28" count="1" type="stmt"/>
      <line num="29" count="1" type="stmt"/>
      <line num="30" count="1" type="stmt"/>
      <line num="31" count="1" type="stmt"/>
      <line num="32" count="1" type="stmt"/>
      <line num="33" count="1" type="stmt"/>
      <line num="34" count="1" type="stmt"/>
      <line num="35" count="1" type="stmt"/>
      <line num="36" count="1" type="stmt"/>
      <line num="38" count="1" type="stmt"/>
      <line num="39" count="1" type="stmt"/>
      <line num="40" count="1" type="stmt"/>
      <line num="41" count="1" type="stmt"/>
      <line num="43" count="1" type="stmt"/>
      <line num="44" count="1" type="stmt"/>
      <line num="45" count="1" type="stmt"/>
      <line num="46" count="1" type="stmt"/>
      <line num="47" count="1" type="stmt"/>
      <line num="48" count="1" type="stmt"/>
      <line num="49" count="1" type="stmt"/>
      <line num="50" count="1" type="stmt"/>
      <line num="52" count="1" type="stmt"/>
      <line num="53" count="1" type="stmt"/>
      <line num="54" count="1" type="stmt"/>
      <line num="55" count="1" type="stmt"/>
      <line num="56" count="1" type="stmt"/>
      <line num="58" count="1" type="stmt"/>
      <line num="59" count="1" type="stmt"/>
      <line num="60" count="1" type="stmt"/>
      <line num="61" count="1" type="stmt"/>
      <line num="62" count="1" type="stmt"/>
      <line num="63" count="1" type="stmt"/>
      <line num="65" count="1" type="stmt"/>
      <line num="66" count="1" type="stmt"/>
      <line num="67" count="1" type="stmt"/>
      <line num="68" count="1" type="stmt"/>
      <line num="69" count="1" type="stmt"/>
      <line num="70" count="1" type="stmt"/>
      <line num="71" count="1" type="stmt"/>
      <line num="72" count="1" type="stmt"/>
      <line num="73" count="1" type="stmt"/>
      <line num="74" count="1" type="stmt"/>
      <line num="75" count="1" type="stmt"/>
      <line num="76" count="1" type="stmt"/>
      <line num="77" count="1" type="stmt"/>
      <line num="78" count="1" type="stmt"/>
      <line num="79" count="1" type="stmt"/>
      <line num="81" count="1" type="stmt"/>
      <line num="82" count="1" type="stmt"/>
      <line num="83" count="1" type="stmt"/>
      <line num="84" count="1" type="stmt"/>
      <line num="85" count="1" type="stmt"/>
      <line num="86" count="1" type="stmt"/>
      <line num="87" count="1" type="stmt"/>
      <line num="88" count="1" type="stmt"/>
      <line num="89" count="1" type="stmt"/>
      <line num="90" count="1" type="stmt"/>
      <line num="91" count="1" type="stmt"/>
      <line num="92" count="1" type="stmt"/>
      <line num="93" count="1" type="stmt"/>
      <line num="94" count="1" type="stmt"/>
      <line num="95" count="1" type="stmt"/>
      <line num="96" count="1" type="stmt"/>
      <line num="97" count="1" type="stmt"/>
      <line num="98" count="1" type="stmt"/>
      <line num="99" count="1" type="stmt"/>
      <line num="100" count="1" type="stmt"/>
      <line num="101" count="1" type="stmt"/>
      <line num="102" count="1" type="stmt"/>
      <line num="103" count="1" type="stmt"/>
      <line num="104" count="1" type="stmt"/>
      <line num="105" count="1" type="stmt"/>
      <line num="106" count="1" type="stmt"/>
      <line num="107" count="1" type="stmt"/>
      <line num="108" count="1" type="stmt"/>
      <line num="109" count="1" type="stmt"/>
      <line num="110" count="1" type="stmt"/>
      <line num="111" count="1" type="stmt"/>
      <line num="112" count="1" type="stmt"/>
      <line num="113" count="1" type="stmt"/>
      <line num="114" count="1" type="stmt"/>
      <line num="115" count="1" type="stmt"/>
      <line num="116" count="1" type="stmt"/>
      <line num="117" count="1" type="stmt"/>
      <line num="118" count="1" type="stmt"/>
      <line num="119" count="1" type="stmt"/>
      <line num="120" count="1" type="stmt"/>
      <line num="121" count="1" type="stmt"/>
      <line num="122" count="1" type="stmt"/>
      <line num="123" count="1" type="stmt"/>
      <line num="124" count="1" type="stmt"/>
      <line num="125" count="1" type="stmt"/>
      <line num="127" count="1" type="stmt"/>
      <line num="128" count="1" type="stmt"/>
      <line num="129" count="1" type="stmt"/>
      <line num="130" count="1" type="stmt"/>
      <line num="131" count="1" type="stmt"/>
      <line num="132" count="1" type="stmt"/>
      <line num="133" count="1" type="stmt"/>
      <line num="134" count="1" type="stmt"/>
      <line num="135" count="1" type="stmt"/>
      <line num="136" count="1" type="stmt"/>
      <line num="137" count="1" type="stmt"/>
      <line num="138" count="1" type="stmt"/>
      <line num="140" count="1" type="stmt"/>
      <line num="141" count="1" type="stmt"/>
      <line num="142" count="1" type="stmt"/>
      <line num="143" count="1" type="stmt"/>
      <line num="144" count="1" type="stmt"/>
      <line num="145" count="1" type="stmt"/>
      <line num="146" count="1" type="stmt"/>
      <line num="148" count="1" type="stmt"/>
      <line num="150" count="1" type="stmt"/>
      <line num="151" count="1" type="stmt"/>
      <line num="152" count="1" type="stmt"/>
      <line num="153" count="1" type="stmt"/>
      <line num="154" count="1" type="stmt"/>
      <line num="155" count="1" type="stmt"/>
      <line num="156" count="1" type="stmt"/>
      <line num="158" count="1" type="stmt"/>
      <line num="159" count="1" type="stmt"/>
      <line num="160" count="1" type="stmt"/>
      <line num="161" count="1" type="stmt"/>
      <line num="162" count="1" type="stmt"/>
      <line num="163" count="1" type="stmt"/>
      <line num="164" count="1" type="stmt"/>
      <line num="165" count="1" type="stmt"/>
      <line num="166" count="1" type="cond" truecount="1" falsecount="0"/>
      <line num="167" count="11" type="cond" truecount="1" falsecount="0"/>
      <line num="168" count="10" type="cond" truecount="1" falsecount="0"/>
      <line num="169" count="1" type="stmt"/>
      <line num="170" count="1" type="stmt"/>
      <line num="171" count="1" type="stmt"/>
      <line num="172" count="1" type="stmt"/>
      <line num="174" count="1" type="stmt"/>
      <line num="175" count="1" type="stmt"/>
      <line num="176" count="1" type="stmt"/>
      <line num="177" count="1" type="stmt"/>
      <line num="178" count="1" type="stmt"/>
      <line num="179" count="1" type="stmt"/>
      <line num="181" count="1" type="stmt"/>
      <line num="183" count="1" type="stmt"/>
      <line num="184" count="1" type="stmt"/>
      <line num="185" count="1" type="stmt"/>
      <line num="186" count="1" type="stmt"/>
      <line num="187" count="1" type="stmt"/>
      <line num="188" count="1" type="stmt"/>
      <line num="190" count="1" type="stmt"/>
      <line num="191" count="1" type="stmt"/>
      <line num="192" count="1" type="stmt"/>
      <line num="193" count="1" type="stmt"/>
      <line num="194" count="1" type="stmt"/>
      <line num="195" count="1" type="stmt"/>
      <line num="196" count="1" type="stmt"/>
      <line num="197" count="1" type="stmt"/>
      <line num="198" count="1" type="stmt"/>
      <line num="200" count="1" type="stmt"/>
      <line num="201" count="1" type="stmt"/>
      <line num="202" count="1" type="stmt"/>
      <line num="203" count="1" type="stmt"/>
      <line num="204" count="1" type="stmt"/>
      <line num="205" count="1" type="stmt"/>
      <line num="206" count="1" type="stmt"/>
      <line num="208" count="1" type="stmt"/>
      <line num="209" count="1" type="stmt"/>
      <line num="210" count="1" type="stmt"/>
      <line num="211" count="1" type="stmt"/>
      <line num="212" count="1" type="stmt"/>
      <line num="213" count="1" type="stmt"/>
      <line num="214" count="1" type="stmt"/>
      <line num="215" count="1" type="stmt"/>
      <line num="216" count="1" type="stmt"/>
      <line num="217" count="1" type="stmt"/>
      <line num="218" count="1" type="stmt"/>
      <line num="219" count="1" type="stmt"/>
      <line num="220" count="1" type="stmt"/>
      <line num="222" count="1" type="stmt"/>
      <line num="224" count="1" type="stmt"/>
      <line num="225" count="1" type="stmt"/>
      <line num="226" count="1" type="stmt"/>
      <line num="227" count="1" type="stmt"/>
      <line num="228" count="1" type="stmt"/>
      <line num="229" count="1" type="stmt"/>
      <line num="230" count="1" type="stmt"/>
      <line num="231" count="1" type="stmt"/>
      <line num="232" count="1" type="stmt"/>
      <line num="233" count="1" type="stmt"/>
      <line num="234" count="1" type="stmt"/>
      <line num="235" count="1" type="stmt"/>
      <line num="236" count="1" type="stmt"/>
      <line num="237" count="1" type="stmt"/>
      <line num="238" count="1" type="stmt"/>
      <line num="239" count="1" type="stmt"/>
      <line num="240" count="1" type="stmt"/>
      <line num="241" count="1" type="stmt"/>
      <line num="242" count="1" type="stmt"/>
      <line num="243" count="1" type="stmt"/>
      <line num="244" count="1" type="stmt"/>
      <line num="245" count="1" type="stmt"/>
      <line num="251" count="1" type="stmt"/>
      <line num="252" count="0" type="stmt"/>
      <line num="253" count="0" type="stmt"/>
      <line num="254" count="0" type="stmt"/>
      <line num="255" count="0" type="stmt"/>
      <line num="256" count="0" type="stmt"/>
      <line num="257" count="0" type="stmt"/>
      <line num="258" count="0" type="stmt"/>
      <line num="259" count="0" type="stmt"/>
      <line num="260" count="0" type="stmt"/>
      <line num="261" count="0" type="stmt"/>
      <line num="262" count="0" type="stmt"/>
      <line num="263" count="0" type="stmt"/>
      <line num="265" count="3" type="cond" truecount="1" falsecount="0"/>
      <line num="266" count="3" type="stmt"/>
      <line num="267" count="3" type="stmt"/>
      <line num="268" count="3" type="stmt"/>
      <line num="269" count="3" type="stmt"/>
      <line num="270" count="3" type="cond" truecount="1" falsecount="0"/>
      <line num="271" count="1" type="stmt"/>
      <line num="272" count="1" type="cond" truecount="1" falsecount="0"/>
      <line num="273" count="2" type="stmt"/>
      <line num="274" count="3" type="cond" truecount="1" falsecount="0"/>
      <line num="275" count="1" type="stmt"/>
      <line num="276" count="1" type="stmt"/>
      <line num="277" count="1" type="stmt"/>
      <line num="278" count="1" type="stmt"/>
      <line num="280" count="1" type="cond" truecount="1" falsecount="0"/>
      <line num="281" count="5" type="stmt"/>
      <line num="282" count="5" type="cond" truecount="2" falsecount="0"/>
      <line num="283" count="1" type="stmt"/>
      <line num="284" count="1" type="stmt"/>
    </file>
  </project>
</coverage>
