{"C:\\Users\\nowbo\\proj-gen\\src\\lib\\fixLayout.ts": {"path":"C:\\Users\\nowbo\\proj-gen\\src\\lib\\fixLayout.ts","all":false,"statementMap":{"0":{"start":{"line":1,"column":0},"end":{"line":1,"column":54}},"15":{"start":{"line":16,"column":0},"end":{"line":16,"column":70}},"16":{"start":{"line":17,"column":0},"end":{"line":17,"column":27}},"17":{"start":{"line":18,"column":0},"end":{"line":18,"column":75}},"18":{"start":{"line":19,"column":0},"end":{"line":19,"column":42}},"19":{"start":{"line":20,"column":0},"end":{"line":20,"column":42}},"21":{"start":{"line":22,"column":0},"end":{"line":22,"column":84}},"22":{"start":{"line":23,"column":0},"end":{"line":23,"column":22}},"23":{"start":{"line":24,"column":0},"end":{"line":24,"column":20}},"24":{"start":{"line":25,"column":0},"end":{"line":25,"column":53}},"25":{"start":{"line":26,"column":0},"end":{"line":26,"column":53}},"26":{"start":{"line":27,"column":0},"end":{"line":27,"column":47}},"27":{"start":{"line":28,"column":0},"end":{"line":28,"column":60}},"28":{"start":{"line":29,"column":0},"end":{"line":29,"column":3}},"31":{"start":{"line":32,"column":0},"end":{"line":32,"column":58}},"32":{"start":{"line":33,"column":0},"end":{"line":33,"column":61}},"33":{"start":{"line":34,"column":0},"end":{"line":34,"column":64}},"34":{"start":{"line":35,"column":0},"end":{"line":35,"column":3}},"35":{"start":{"line":36,"column":0},"end":{"line":36,"column":12}},"36":{"start":{"line":37,"column":0},"end":{"line":37,"column":1}},"38":{"start":{"line":39,"column":0},"end":{"line":39,"column":59}},"39":{"start":{"line":40,"column":0},"end":{"line":40,"column":38}},"40":{"start":{"line":41,"column":0},"end":{"line":41,"column":1}},"42":{"start":{"line":43,"column":0},"end":{"line":43,"column":57}},"43":{"start":{"line":44,"column":0},"end":{"line":44,"column":55}},"44":{"start":{"line":45,"column":0},"end":{"line":45,"column":1}},"46":{"start":{"line":47,"column":0},"end":{"line":47,"column":45}},"47":{"start":{"line":48,"column":0},"end":{"line":48,"column":52}},"48":{"start":{"line":49,"column":0},"end":{"line":49,"column":1}},"50":{"start":{"line":51,"column":0},"end":{"line":51,"column":56}},"51":{"start":{"line":52,"column":0},"end":{"line":52,"column":48}},"52":{"start":{"line":53,"column":0},"end":{"line":53,"column":42}},"53":{"start":{"line":54,"column":0},"end":{"line":54,"column":41}},"55":{"start":{"line":56,"column":0},"end":{"line":56,"column":13}},"56":{"start":{"line":57,"column":0},"end":{"line":57,"column":1}},"64":{"start":{"line":65,"column":0},"end":{"line":65,"column":82}},"65":{"start":{"line":66,"column":0},"end":{"line":66,"column":27}},"66":{"start":{"line":67,"column":0},"end":{"line":67,"column":34}},"68":{"start":{"line":69,"column":0},"end":{"line":69,"column":83}},"69":{"start":{"line":70,"column":0},"end":{"line":70,"column":26}},"70":{"start":{"line":71,"column":0},"end":{"line":71,"column":22}},"71":{"start":{"line":72,"column":0},"end":{"line":72,"column":20}},"72":{"start":{"line":73,"column":0},"end":{"line":73,"column":55}},"73":{"start":{"line":74,"column":0},"end":{"line":74,"column":27}},"74":{"start":{"line":75,"column":0},"end":{"line":75,"column":26}},"76":{"start":{"line":77,"column":0},"end":{"line":77,"column":30}},"77":{"start":{"line":78,"column":0},"end":{"line":78,"column":93}},"78":{"start":{"line":79,"column":0},"end":{"line":79,"column":5}},"79":{"start":{"line":80,"column":0},"end":{"line":80,"column":39}},"80":{"start":{"line":81,"column":0},"end":{"line":81,"column":94}},"81":{"start":{"line":82,"column":0},"end":{"line":82,"column":5}},"82":{"start":{"line":83,"column":0},"end":{"line":83,"column":29}},"83":{"start":{"line":84,"column":0},"end":{"line":84,"column":92}},"84":{"start":{"line":85,"column":0},"end":{"line":85,"column":5}},"85":{"start":{"line":86,"column":0},"end":{"line":86,"column":41}},"86":{"start":{"line":87,"column":0},"end":{"line":87,"column":93}},"87":{"start":{"line":88,"column":0},"end":{"line":88,"column":5}},"88":{"start":{"line":89,"column":0},"end":{"line":89,"column":3}},"93":{"start":{"line":94,"column":0},"end":{"line":94,"column":67}},"94":{"start":{"line":95,"column":0},"end":{"line":95,"column":47}},"95":{"start":{"line":96,"column":0},"end":{"line":96,"column":20}},"96":{"start":{"line":97,"column":0},"end":{"line":97,"column":60}},"97":{"start":{"line":98,"column":0},"end":{"line":98,"column":36}},"98":{"start":{"line":99,"column":0},"end":{"line":99,"column":37}},"99":{"start":{"line":100,"column":0},"end":{"line":100,"column":61}},"100":{"start":{"line":101,"column":0},"end":{"line":101,"column":40}},"101":{"start":{"line":102,"column":0},"end":{"line":102,"column":19}},"102":{"start":{"line":103,"column":0},"end":{"line":103,"column":17}},"103":{"start":{"line":104,"column":0},"end":{"line":104,"column":88}},"104":{"start":{"line":105,"column":0},"end":{"line":105,"column":22}},"105":{"start":{"line":106,"column":0},"end":{"line":106,"column":8}},"106":{"start":{"line":107,"column":0},"end":{"line":107,"column":5}},"107":{"start":{"line":108,"column":0},"end":{"line":108,"column":3}},"111":{"start":{"line":112,"column":0},"end":{"line":112,"column":70}},"112":{"start":{"line":113,"column":0},"end":{"line":113,"column":46}},"113":{"start":{"line":114,"column":0},"end":{"line":114,"column":52}},"114":{"start":{"line":115,"column":0},"end":{"line":115,"column":30}},"115":{"start":{"line":116,"column":0},"end":{"line":116,"column":30}},"116":{"start":{"line":117,"column":0},"end":{"line":117,"column":25}},"117":{"start":{"line":118,"column":0},"end":{"line":118,"column":25}},"118":{"start":{"line":119,"column":0},"end":{"line":119,"column":28}},"119":{"start":{"line":120,"column":0},"end":{"line":120,"column":31}},"120":{"start":{"line":121,"column":0},"end":{"line":121,"column":21}},"121":{"start":{"line":122,"column":0},"end":{"line":122,"column":20}},"122":{"start":{"line":123,"column":0},"end":{"line":123,"column":56}},"123":{"start":{"line":124,"column":0},"end":{"line":124,"column":24}},"124":{"start":{"line":125,"column":0},"end":{"line":125,"column":10}},"125":{"start":{"line":126,"column":0},"end":{"line":126,"column":7}},"126":{"start":{"line":127,"column":0},"end":{"line":127,"column":5}},"127":{"start":{"line":128,"column":0},"end":{"line":128,"column":3}},"131":{"start":{"line":132,"column":0},"end":{"line":132,"column":58}},"132":{"start":{"line":133,"column":0},"end":{"line":133,"column":51}},"133":{"start":{"line":134,"column":0},"end":{"line":134,"column":47}},"134":{"start":{"line":135,"column":0},"end":{"line":135,"column":20}},"135":{"start":{"line":136,"column":0},"end":{"line":136,"column":42}},"136":{"start":{"line":137,"column":0},"end":{"line":137,"column":97}},"137":{"start":{"line":138,"column":0},"end":{"line":138,"column":5}},"138":{"start":{"line":139,"column":0},"end":{"line":139,"column":3}},"140":{"start":{"line":141,"column":0},"end":{"line":141,"column":15}},"141":{"start":{"line":142,"column":0},"end":{"line":142,"column":1}},"143":{"start":{"line":144,"column":0},"end":{"line":144,"column":51}},"145":{"start":{"line":146,"column":0},"end":{"line":146,"column":32}},"146":{"start":{"line":147,"column":0},"end":{"line":147,"column":50}},"147":{"start":{"line":148,"column":0},"end":{"line":148,"column":1}},"149":{"start":{"line":150,"column":0},"end":{"line":150,"column":22}},"150":{"start":{"line":151,"column":0},"end":{"line":151,"column":53}},"151":{"start":{"line":152,"column":0},"end":{"line":152,"column":53}},"152":{"start":{"line":153,"column":0},"end":{"line":153,"column":12}},"153":{"start":{"line":154,"column":0},"end":{"line":154,"column":21}},"154":{"start":{"line":155,"column":0},"end":{"line":155,"column":21}},"155":{"start":{"line":156,"column":0},"end":{"line":156,"column":17}},"156":{"start":{"line":157,"column":0},"end":{"line":157,"column":10}},"157":{"start":{"line":158,"column":0},"end":{"line":158,"column":28}},"158":{"start":{"line":159,"column":0},"end":{"line":159,"column":28}},"159":{"start":{"line":160,"column":0},"end":{"line":160,"column":27}},"160":{"start":{"line":161,"column":0},"end":{"line":161,"column":24}},"162":{"start":{"line":163,"column":0},"end":{"line":163,"column":1}},"164":{"start":{"line":165,"column":0},"end":{"line":165,"column":38}},"165":{"start":{"line":166,"column":0},"end":{"line":166,"column":47}},"166":{"start":{"line":167,"column":0},"end":{"line":167,"column":1}}},"s":{"0":1,"15":1,"16":11,"17":11,"18":11,"19":11,"21":11,"22":66,"23":66,"24":13,"25":13,"26":13,"27":13,"28":13,"31":11,"32":11,"33":4,"34":4,"35":11,"36":11,"38":26,"39":26,"40":26,"42":22,"43":22,"44":22,"46":4,"47":4,"48":4,"50":21,"51":21,"52":21,"53":21,"55":1,"56":1,"64":1,"65":10,"66":10,"68":10,"69":10,"70":60,"71":60,"72":60,"73":60,"74":60,"76":60,"77":1,"78":1,"79":60,"80":1,"81":1,"82":60,"83":1,"84":1,"85":60,"86":2,"87":2,"88":60,"93":10,"94":40,"95":40,"96":12,"97":12,"98":11,"99":11,"100":40,"101":1,"102":1,"103":1,"104":1,"105":1,"106":1,"107":40,"111":10,"112":10,"113":40,"114":60,"115":60,"116":60,"117":60,"118":60,"119":60,"120":1,"121":1,"122":1,"123":1,"124":1,"125":1,"126":60,"127":40,"131":10,"132":10,"133":20,"134":20,"135":20,"136":2,"137":2,"138":20,"140":10,"141":10,"143":1,"145":1,"146":1,"147":1,"149":2,"150":2,"151":2,"152":2,"153":2,"154":2,"155":2,"156":2,"157":2,"158":2,"159":2,"160":1,"162":2,"164":10,"165":10,"166":10},"branchMap":{"0":{"type":"branch","line":16,"loc":{"start":{"line":16,"column":7},"end":{"line":37,"column":1}},"locations":[{"start":{"line":16,"column":7},"end":{"line":37,"column":1}}]},"1":{"type":"branch","line":19,"loc":{"start":{"line":19,"column":19},"end":{"line":19,"column":42}},"locations":[{"start":{"line":19,"column":19},"end":{"line":19,"column":42}}]},"2":{"type":"branch","line":20,"loc":{"start":{"line":20,"column":19},"end":{"line":20,"column":42}},"locations":[{"start":{"line":20,"column":19},"end":{"line":20,"column":42}}]},"3":{"type":"branch","line":22,"loc":{"start":{"line":22,"column":83},"end":{"line":29,"column":3}},"locations":[{"start":{"line":22,"column":83},"end":{"line":29,"column":3}}]},"4":{"type":"branch","line":24,"loc":{"start":{"line":24,"column":12},"end":{"line":24,"column":20}},"locations":[{"start":{"line":24,"column":12},"end":{"line":24,"column":20}}]},"5":{"type":"branch","line":24,"loc":{"start":{"line":24,"column":12},"end":{"line":29,"column":3}},"locations":[{"start":{"line":24,"column":12},"end":{"line":29,"column":3}}]},"6":{"type":"branch","line":33,"loc":{"start":{"line":33,"column":60},"end":{"line":35,"column":3}},"locations":[{"start":{"line":33,"column":60},"end":{"line":35,"column":3}}]},"7":{"type":"branch","line":39,"loc":{"start":{"line":39,"column":0},"end":{"line":41,"column":1}},"locations":[{"start":{"line":39,"column":0},"end":{"line":41,"column":1}}]},"8":{"type":"branch","line":43,"loc":{"start":{"line":43,"column":0},"end":{"line":45,"column":1}},"locations":[{"start":{"line":43,"column":0},"end":{"line":45,"column":1}}]},"9":{"type":"branch","line":47,"loc":{"start":{"line":47,"column":0},"end":{"line":49,"column":1}},"locations":[{"start":{"line":47,"column":0},"end":{"line":49,"column":1}}]},"10":{"type":"branch","line":48,"loc":{"start":{"line":48,"column":25},"end":{"line":48,"column":43}},"locations":[{"start":{"line":48,"column":25},"end":{"line":48,"column":43}}]},"11":{"type":"branch","line":48,"loc":{"start":{"line":48,"column":31},"end":{"line":48,"column":52}},"locations":[{"start":{"line":48,"column":31},"end":{"line":48,"column":52}}]},"12":{"type":"branch","line":51,"loc":{"start":{"line":51,"column":0},"end":{"line":57,"column":1}},"locations":[{"start":{"line":51,"column":0},"end":{"line":57,"column":1}}]},"13":{"type":"branch","line":52,"loc":{"start":{"line":52,"column":30},"end":{"line":52,"column":48}},"locations":[{"start":{"line":52,"column":30},"end":{"line":52,"column":48}}]},"14":{"type":"branch","line":52,"loc":{"start":{"line":52,"column":47},"end":{"line":53,"column":34}},"locations":[{"start":{"line":52,"column":47},"end":{"line":53,"column":34}}]},"15":{"type":"branch","line":53,"loc":{"start":{"line":53,"column":27},"end":{"line":53,"column":42}},"locations":[{"start":{"line":53,"column":27},"end":{"line":53,"column":42}}]},"16":{"type":"branch","line":53,"loc":{"start":{"line":53,"column":37},"end":{"line":54,"column":34}},"locations":[{"start":{"line":53,"column":37},"end":{"line":54,"column":34}}]},"17":{"type":"branch","line":54,"loc":{"start":{"line":54,"column":27},"end":{"line":57,"column":1}},"locations":[{"start":{"line":54,"column":27},"end":{"line":57,"column":1}}]},"18":{"type":"branch","line":65,"loc":{"start":{"line":65,"column":7},"end":{"line":142,"column":1}},"locations":[{"start":{"line":65,"column":7},"end":{"line":142,"column":1}}]},"19":{"type":"branch","line":70,"loc":{"start":{"line":70,"column":25},"end":{"line":89,"column":3}},"locations":[{"start":{"line":70,"column":25},"end":{"line":89,"column":3}}]},"20":{"type":"branch","line":72,"loc":{"start":{"line":72,"column":12},"end":{"line":72,"column":20}},"locations":[{"start":{"line":72,"column":12},"end":{"line":72,"column":20}}]},"21":{"type":"branch","line":72,"loc":{"start":{"line":72,"column":12},"end":{"line":73,"column":21}},"locations":[{"start":{"line":72,"column":12},"end":{"line":73,"column":21}}]},"22":{"type":"branch","line":73,"loc":{"start":{"line":73,"column":16},"end":{"line":73,"column":55}},"locations":[{"start":{"line":73,"column":16},"end":{"line":73,"column":55}}]},"23":{"type":"branch","line":77,"loc":{"start":{"line":77,"column":29},"end":{"line":79,"column":5}},"locations":[{"start":{"line":77,"column":29},"end":{"line":79,"column":5}}]},"24":{"type":"branch","line":79,"loc":{"start":{"line":79,"column":4},"end":{"line":80,"column":38}},"locations":[{"start":{"line":79,"column":4},"end":{"line":80,"column":38}}]},"25":{"type":"branch","line":80,"loc":{"start":{"line":80,"column":38},"end":{"line":82,"column":5}},"locations":[{"start":{"line":80,"column":38},"end":{"line":82,"column":5}}]},"26":{"type":"branch","line":82,"loc":{"start":{"line":82,"column":4},"end":{"line":83,"column":28}},"locations":[{"start":{"line":82,"column":4},"end":{"line":83,"column":28}}]},"27":{"type":"branch","line":83,"loc":{"start":{"line":83,"column":28},"end":{"line":85,"column":5}},"locations":[{"start":{"line":83,"column":28},"end":{"line":85,"column":5}}]},"28":{"type":"branch","line":85,"loc":{"start":{"line":85,"column":4},"end":{"line":86,"column":40}},"locations":[{"start":{"line":85,"column":4},"end":{"line":86,"column":40}}]},"29":{"type":"branch","line":86,"loc":{"start":{"line":86,"column":40},"end":{"line":88,"column":5}},"locations":[{"start":{"line":86,"column":40},"end":{"line":88,"column":5}}]},"30":{"type":"branch","line":94,"loc":{"start":{"line":94,"column":66},"end":{"line":108,"column":3}},"locations":[{"start":{"line":94,"column":66},"end":{"line":108,"column":3}}]},"31":{"type":"branch","line":96,"loc":{"start":{"line":96,"column":12},"end":{"line":96,"column":20}},"locations":[{"start":{"line":96,"column":12},"end":{"line":96,"column":20}}]},"32":{"type":"branch","line":96,"loc":{"start":{"line":96,"column":12},"end":{"line":98,"column":36}},"locations":[{"start":{"line":96,"column":12},"end":{"line":98,"column":36}}]},"33":{"type":"branch","line":98,"loc":{"start":{"line":98,"column":28},"end":{"line":98,"column":36}},"locations":[{"start":{"line":98,"column":28},"end":{"line":98,"column":36}}]},"34":{"type":"branch","line":98,"loc":{"start":{"line":98,"column":28},"end":{"line":101,"column":39}},"locations":[{"start":{"line":98,"column":28},"end":{"line":101,"column":39}}]},"35":{"type":"branch","line":101,"loc":{"start":{"line":101,"column":39},"end":{"line":107,"column":5}},"locations":[{"start":{"line":101,"column":39},"end":{"line":107,"column":5}}]},"36":{"type":"branch","line":113,"loc":{"start":{"line":113,"column":45},"end":{"line":128,"column":3}},"locations":[{"start":{"line":113,"column":45},"end":{"line":128,"column":3}}]},"37":{"type":"branch","line":114,"loc":{"start":{"line":114,"column":51},"end":{"line":127,"column":5}},"locations":[{"start":{"line":114,"column":51},"end":{"line":127,"column":5}}]},"38":{"type":"branch","line":119,"loc":{"start":{"line":119,"column":11},"end":{"line":119,"column":20}},"locations":[{"start":{"line":119,"column":11},"end":{"line":119,"column":20}}]},"39":{"type":"branch","line":119,"loc":{"start":{"line":119,"column":20},"end":{"line":119,"column":28}},"locations":[{"start":{"line":119,"column":20},"end":{"line":119,"column":28}}]},"40":{"type":"branch","line":119,"loc":{"start":{"line":119,"column":20},"end":{"line":120,"column":30}},"locations":[{"start":{"line":119,"column":20},"end":{"line":120,"column":30}}]},"41":{"type":"branch","line":120,"loc":{"start":{"line":120,"column":30},"end":{"line":126,"column":7}},"locations":[{"start":{"line":120,"column":30},"end":{"line":126,"column":7}}]},"42":{"type":"branch","line":133,"loc":{"start":{"line":133,"column":50},"end":{"line":139,"column":3}},"locations":[{"start":{"line":133,"column":50},"end":{"line":139,"column":3}}]},"43":{"type":"branch","line":135,"loc":{"start":{"line":135,"column":12},"end":{"line":135,"column":20}},"locations":[{"start":{"line":135,"column":12},"end":{"line":135,"column":20}}]},"44":{"type":"branch","line":135,"loc":{"start":{"line":135,"column":12},"end":{"line":136,"column":41}},"locations":[{"start":{"line":135,"column":12},"end":{"line":136,"column":41}}]},"45":{"type":"branch","line":136,"loc":{"start":{"line":136,"column":41},"end":{"line":138,"column":5}},"locations":[{"start":{"line":136,"column":41},"end":{"line":138,"column":5}}]},"46":{"type":"branch","line":144,"loc":{"start":{"line":144,"column":0},"end":{"line":148,"column":1}},"locations":[{"start":{"line":144,"column":0},"end":{"line":148,"column":1}}]},"47":{"type":"branch","line":150,"loc":{"start":{"line":150,"column":0},"end":{"line":163,"column":1}},"locations":[{"start":{"line":150,"column":0},"end":{"line":163,"column":1}}]},"48":{"type":"branch","line":154,"loc":{"start":{"line":154,"column":15},"end":{"line":154,"column":21}},"locations":[{"start":{"line":154,"column":15},"end":{"line":154,"column":21}}]},"49":{"type":"branch","line":155,"loc":{"start":{"line":155,"column":15},"end":{"line":155,"column":21}},"locations":[{"start":{"line":155,"column":15},"end":{"line":155,"column":21}}]},"50":{"type":"branch","line":160,"loc":{"start":{"line":160,"column":23},"end":{"line":161,"column":24}},"locations":[{"start":{"line":160,"column":23},"end":{"line":161,"column":24}}]},"51":{"type":"branch","line":165,"loc":{"start":{"line":165,"column":0},"end":{"line":167,"column":1}},"locations":[{"start":{"line":165,"column":0},"end":{"line":167,"column":1}}]}},"b":{"0":[11],"1":[1],"2":[1],"3":[66],"4":[53],"5":[13],"6":[4],"7":[26],"8":[22],"9":[4],"10":[2],"11":[2],"12":[21],"13":[18],"14":[3],"15":[1],"16":[2],"17":[1],"18":[10],"19":[60],"20":[48],"21":[12],"22":[1],"23":[1],"24":[12],"25":[1],"26":[12],"27":[1],"28":[12],"29":[2],"30":[40],"31":[28],"32":[12],"33":[1],"34":[11],"35":[1],"36":[40],"37":[60],"38":[32],"39":[58],"40":[2],"41":[1],"42":[20],"43":[9],"44":[11],"45":[2],"46":[1],"47":[2],"48":[0],"49":[0],"50":[1],"51":[10]},"fnMap":{"0":{"name":"fixLayout","decl":{"start":{"line":16,"column":7},"end":{"line":37,"column":1}},"loc":{"start":{"line":16,"column":7},"end":{"line":37,"column":1}},"line":16},"1":{"name":"clamp","decl":{"start":{"line":39,"column":0},"end":{"line":41,"column":1}},"loc":{"start":{"line":39,"column":0},"end":{"line":41,"column":1}},"line":39},"2":{"name":"isLowContrast","decl":{"start":{"line":43,"column":0},"end":{"line":45,"column":1}},"loc":{"start":{"line":43,"column":0},"end":{"line":45,"column":1}},"line":43},"3":{"name":"invertReadable","decl":{"start":{"line":47,"column":0},"end":{"line":49,"column":1}},"loc":{"start":{"line":47,"column":0},"end":{"line":49,"column":1}},"line":47},"4":{"name":"approxBackgroundColor","decl":{"start":{"line":51,"column":0},"end":{"line":57,"column":1}},"loc":{"start":{"line":51,"column":0},"end":{"line":57,"column":1}},"line":51},"5":{"name":"checkOverflow","decl":{"start":{"line":65,"column":7},"end":{"line":142,"column":1}},"loc":{"start":{"line":65,"column":7},"end":{"line":142,"column":1}},"line":65},"6":{"name":"estimateTextHeight","decl":{"start":{"line":144,"column":0},"end":{"line":148,"column":1}},"loc":{"start":{"line":144,"column":0},"end":{"line":148,"column":1}},"line":144},"7":{"name":"rectsOverlap","decl":{"start":{"line":150,"column":0},"end":{"line":163,"column":1}},"loc":{"start":{"line":150,"column":0},"end":{"line":163,"column":1}},"line":150},"8":{"name":"label","decl":{"start":{"line":165,"column":0},"end":{"line":167,"column":1}},"loc":{"start":{"line":165,"column":0},"end":{"line":167,"column":1}},"line":165}},"f":{"0":11,"1":26,"2":22,"3":4,"4":21,"5":10,"6":1,"7":2,"8":10}}
,"C:\\Users\\nowbo\\proj-gen\\src\\lib\\paletteFromImage.ts": {"path":"C:\\Users\\nowbo\\proj-gen\\src\\lib\\paletteFromImage.ts","all":false,"statementMap":{"0":{"start":{"line":1,"column":0},"end":{"line":1,"column":79}},"24":{"start":{"line":25,"column":0},"end":{"line":25,"column":79}},"31":{"start":{"line":32,"column":0},"end":{"line":32,"column":32}},"32":{"start":{"line":33,"column":0},"end":{"line":33,"column":18}},"33":{"start":{"line":34,"column":0},"end":{"line":34,"column":69}},"34":{"start":{"line":35,"column":0},"end":{"line":35,"column":23}},"35":{"start":{"line":36,"column":0},"end":{"line":36,"column":80}},"36":{"start":{"line":37,"column":0},"end":{"line":37,"column":92}},"38":{"start":{"line":39,"column":0},"end":{"line":39,"column":66}},"39":{"start":{"line":40,"column":0},"end":{"line":40,"column":63}},"42":{"start":{"line":43,"column":0},"end":{"line":43,"column":68}},"43":{"start":{"line":44,"column":0},"end":{"line":44,"column":33}},"44":{"start":{"line":45,"column":0},"end":{"line":45,"column":18}},"45":{"start":{"line":46,"column":0},"end":{"line":46,"column":8}},"46":{"start":{"line":47,"column":0},"end":{"line":47,"column":50}},"47":{"start":{"line":48,"column":0},"end":{"line":48,"column":7}},"48":{"start":{"line":49,"column":0},"end":{"line":49,"column":58}},"49":{"start":{"line":50,"column":0},"end":{"line":50,"column":52}},"50":{"start":{"line":51,"column":0},"end":{"line":51,"column":67}},"56":{"start":{"line":57,"column":0},"end":{"line":57,"column":52}},"57":{"start":{"line":58,"column":0},"end":{"line":58,"column":65}},"58":{"start":{"line":59,"column":0},"end":{"line":59,"column":66}},"60":{"start":{"line":61,"column":0},"end":{"line":61,"column":38}},"64":{"start":{"line":65,"column":0},"end":{"line":65,"column":62}},"66":{"start":{"line":67,"column":0},"end":{"line":67,"column":23}},"67":{"start":{"line":68,"column":0},"end":{"line":68,"column":33}},"68":{"start":{"line":69,"column":0},"end":{"line":69,"column":87}},"70":{"start":{"line":71,"column":0},"end":{"line":71,"column":24}},"71":{"start":{"line":72,"column":0},"end":{"line":72,"column":100}},"72":{"start":{"line":73,"column":0},"end":{"line":73,"column":86}},"76":{"start":{"line":77,"column":0},"end":{"line":77,"column":56}},"77":{"start":{"line":78,"column":0},"end":{"line":78,"column":96}},"78":{"start":{"line":79,"column":0},"end":{"line":79,"column":45}},"79":{"start":{"line":80,"column":0},"end":{"line":80,"column":54}},"82":{"start":{"line":83,"column":0},"end":{"line":83,"column":33}},"83":{"start":{"line":84,"column":0},"end":{"line":84,"column":16}},"84":{"start":{"line":85,"column":0},"end":{"line":85,"column":36}},"85":{"start":{"line":86,"column":0},"end":{"line":86,"column":35}},"86":{"start":{"line":87,"column":0},"end":{"line":87,"column":3}},"89":{"start":{"line":90,"column":0},"end":{"line":90,"column":32}},"90":{"start":{"line":91,"column":0},"end":{"line":91,"column":72}},"92":{"start":{"line":93,"column":0},"end":{"line":93,"column":27}},"93":{"start":{"line":94,"column":0},"end":{"line":94,"column":56}},"94":{"start":{"line":95,"column":0},"end":{"line":95,"column":16}},"95":{"start":{"line":96,"column":0},"end":{"line":96,"column":62}},"96":{"start":{"line":97,"column":0},"end":{"line":97,"column":69}},"97":{"start":{"line":98,"column":0},"end":{"line":98,"column":31}},"98":{"start":{"line":99,"column":0},"end":{"line":99,"column":13}},"99":{"start":{"line":100,"column":0},"end":{"line":100,"column":7}},"100":{"start":{"line":101,"column":0},"end":{"line":101,"column":5}},"101":{"start":{"line":102,"column":0},"end":{"line":102,"column":3}},"103":{"start":{"line":104,"column":0},"end":{"line":104,"column":28}},"104":{"start":{"line":105,"column":0},"end":{"line":105,"column":16}},"105":{"start":{"line":106,"column":0},"end":{"line":106,"column":26}},"106":{"start":{"line":107,"column":0},"end":{"line":107,"column":21}},"107":{"start":{"line":108,"column":0},"end":{"line":108,"column":27}},"108":{"start":{"line":109,"column":0},"end":{"line":109,"column":30}},"109":{"start":{"line":110,"column":0},"end":{"line":110,"column":3}},"111":{"start":{"line":112,"column":0},"end":{"line":112,"column":76}},"112":{"start":{"line":113,"column":0},"end":{"line":113,"column":30}},"113":{"start":{"line":114,"column":0},"end":{"line":114,"column":1}},"121":{"start":{"line":122,"column":0},"end":{"line":122,"column":36}},"122":{"start":{"line":123,"column":0},"end":{"line":123,"column":18}},"123":{"start":{"line":124,"column":0},"end":{"line":124,"column":69}},"124":{"start":{"line":125,"column":0},"end":{"line":125,"column":8}},"125":{"start":{"line":126,"column":0},"end":{"line":126,"column":25}},"126":{"start":{"line":127,"column":0},"end":{"line":127,"column":107}},"127":{"start":{"line":128,"column":0},"end":{"line":128,"column":40}},"128":{"start":{"line":129,"column":0},"end":{"line":129,"column":48}},"129":{"start":{"line":130,"column":0},"end":{"line":130,"column":44}},"131":{"start":{"line":132,"column":0},"end":{"line":132,"column":71}},"133":{"start":{"line":134,"column":0},"end":{"line":134,"column":80}},"135":{"start":{"line":136,"column":0},"end":{"line":136,"column":27}},"136":{"start":{"line":137,"column":0},"end":{"line":137,"column":69}},"137":{"start":{"line":138,"column":0},"end":{"line":138,"column":38}},"138":{"start":{"line":139,"column":0},"end":{"line":139,"column":31}},"139":{"start":{"line":140,"column":0},"end":{"line":140,"column":33}},"140":{"start":{"line":141,"column":0},"end":{"line":141,"column":75}},"141":{"start":{"line":142,"column":0},"end":{"line":142,"column":26}},"142":{"start":{"line":143,"column":0},"end":{"line":143,"column":18}},"143":{"start":{"line":144,"column":0},"end":{"line":144,"column":3}},"145":{"start":{"line":146,"column":0},"end":{"line":146,"column":26}},"146":{"start":{"line":147,"column":0},"end":{"line":147,"column":20}},"147":{"start":{"line":148,"column":0},"end":{"line":148,"column":94}},"148":{"start":{"line":149,"column":0},"end":{"line":149,"column":15}},"149":{"start":{"line":150,"column":0},"end":{"line":150,"column":6}},"150":{"start":{"line":151,"column":0},"end":{"line":151,"column":3}},"151":{"start":{"line":152,"column":0},"end":{"line":152,"column":1}},"153":{"start":{"line":154,"column":0},"end":{"line":154,"column":52}},"154":{"start":{"line":155,"column":0},"end":{"line":155,"column":33}},"155":{"start":{"line":156,"column":0},"end":{"line":156,"column":30}},"156":{"start":{"line":157,"column":0},"end":{"line":157,"column":1}},"159":{"start":{"line":160,"column":0},"end":{"line":160,"column":47}},"160":{"start":{"line":161,"column":0},"end":{"line":161,"column":34}},"161":{"start":{"line":162,"column":0},"end":{"line":162,"column":19}},"162":{"start":{"line":163,"column":0},"end":{"line":163,"column":35}},"163":{"start":{"line":164,"column":0},"end":{"line":164,"column":54}},"164":{"start":{"line":165,"column":0},"end":{"line":165,"column":1}},"166":{"start":{"line":167,"column":0},"end":{"line":167,"column":73}},"167":{"start":{"line":168,"column":0},"end":{"line":168,"column":64}},"168":{"start":{"line":169,"column":0},"end":{"line":169,"column":45}},"169":{"start":{"line":170,"column":0},"end":{"line":170,"column":27}},"170":{"start":{"line":171,"column":0},"end":{"line":171,"column":1}},"176":{"start":{"line":177,"column":0},"end":{"line":177,"column":83}},"177":{"start":{"line":178,"column":0},"end":{"line":178,"column":32}},"178":{"start":{"line":179,"column":0},"end":{"line":179,"column":13}},"180":{"start":{"line":181,"column":0},"end":{"line":181,"column":12}},"181":{"start":{"line":182,"column":0},"end":{"line":182,"column":46}},"182":{"start":{"line":183,"column":0},"end":{"line":183,"column":46}},"183":{"start":{"line":184,"column":0},"end":{"line":184,"column":46}},"184":{"start":{"line":185,"column":0},"end":{"line":185,"column":5}},"185":{"start":{"line":186,"column":0},"end":{"line":186,"column":3}},"187":{"start":{"line":188,"column":0},"end":{"line":188,"column":10}},"188":{"start":{"line":189,"column":0},"end":{"line":189,"column":43}},"189":{"start":{"line":190,"column":0},"end":{"line":190,"column":44}},"190":{"start":{"line":191,"column":0},"end":{"line":191,"column":44}},"191":{"start":{"line":192,"column":0},"end":{"line":192,"column":3}},"192":{"start":{"line":193,"column":0},"end":{"line":193,"column":1}}},"s":{"0":1,"24":1,"31":1,"32":28,"33":28,"34":28,"35":28,"36":28,"38":27,"39":27,"42":28,"43":28,"44":28,"45":81,"46":81,"47":28,"48":28,"49":28,"50":28,"56":28,"57":28,"58":28,"60":28,"64":28,"66":28,"67":3,"68":24,"70":28,"71":3,"72":24,"76":28,"77":28,"78":28,"79":28,"82":28,"83":28,"84":28,"85":28,"86":28,"89":28,"90":28,"92":10,"93":10,"94":10,"95":10,"96":10,"97":10,"98":10,"99":10,"100":10,"101":10,"103":27,"104":27,"105":27,"106":27,"107":27,"108":27,"109":27,"111":27,"112":27,"113":27,"121":1,"122":6,"123":6,"124":6,"125":6,"126":6,"127":5,"128":5,"129":5,"131":6,"133":4,"135":4,"136":4,"137":4,"138":6,"139":15,"140":14,"141":14,"142":13,"143":13,"145":4,"146":13,"147":13,"148":13,"149":13,"150":4,"151":4,"153":19,"154":19,"155":19,"156":19,"159":99,"160":99,"161":92,"162":92,"163":92,"164":92,"166":27,"167":27,"168":27,"169":27,"170":27,"176":27,"177":27,"178":27,"180":3,"181":3,"182":3,"183":3,"184":3,"185":3,"187":24,"188":24,"189":24,"190":24,"191":24,"192":24},"branchMap":{"0":{"type":"branch","line":32,"loc":{"start":{"line":32,"column":7},"end":{"line":114,"column":1}},"locations":[{"start":{"line":32,"column":7},"end":{"line":114,"column":1}}]},"1":{"type":"branch","line":37,"loc":{"start":{"line":37,"column":27},"end":{"line":37,"column":92}},"locations":[{"start":{"line":37,"column":27},"end":{"line":37,"column":92}}]},"2":{"type":"branch","line":37,"loc":{"start":{"line":37,"column":91},"end":{"line":43,"column":50}},"locations":[{"start":{"line":37,"column":91},"end":{"line":43,"column":50}}]},"3":{"type":"branch","line":43,"loc":{"start":{"line":43,"column":46},"end":{"line":43,"column":62}},"locations":[{"start":{"line":43,"column":46},"end":{"line":43,"column":62}}]},"4":{"type":"branch","line":43,"loc":{"start":{"line":43,"column":50},"end":{"line":43,"column":68}},"locations":[{"start":{"line":43,"column":50},"end":{"line":43,"column":68}}]},"5":{"type":"branch","line":49,"loc":{"start":{"line":49,"column":40},"end":{"line":49,"column":48}},"locations":[{"start":{"line":49,"column":40},"end":{"line":49,"column":48}}]},"6":{"type":"branch","line":49,"loc":{"start":{"line":49,"column":43},"end":{"line":49,"column":58}},"locations":[{"start":{"line":49,"column":43},"end":{"line":49,"column":58}}]},"7":{"type":"branch","line":57,"loc":{"start":{"line":57,"column":32},"end":{"line":57,"column":46}},"locations":[{"start":{"line":57,"column":32},"end":{"line":57,"column":46}}]},"8":{"type":"branch","line":57,"loc":{"start":{"line":57,"column":36},"end":{"line":57,"column":52}},"locations":[{"start":{"line":57,"column":36},"end":{"line":57,"column":52}}]},"9":{"type":"branch","line":65,"loc":{"start":{"line":65,"column":22},"end":{"line":65,"column":47}},"locations":[{"start":{"line":65,"column":22},"end":{"line":65,"column":47}}]},"10":{"type":"branch","line":65,"loc":{"start":{"line":65,"column":43},"end":{"line":65,"column":62}},"locations":[{"start":{"line":65,"column":43},"end":{"line":65,"column":62}}]},"11":{"type":"branch","line":67,"loc":{"start":{"line":67,"column":17},"end":{"line":68,"column":33}},"locations":[{"start":{"line":67,"column":17},"end":{"line":68,"column":33}}]},"12":{"type":"branch","line":68,"loc":{"start":{"line":68,"column":32},"end":{"line":69,"column":87}},"locations":[{"start":{"line":68,"column":32},"end":{"line":69,"column":87}}]},"13":{"type":"branch","line":71,"loc":{"start":{"line":71,"column":18},"end":{"line":72,"column":100}},"locations":[{"start":{"line":71,"column":18},"end":{"line":72,"column":100}}]},"14":{"type":"branch","line":72,"loc":{"start":{"line":72,"column":99},"end":{"line":73,"column":86}},"locations":[{"start":{"line":72,"column":99},"end":{"line":73,"column":86}}]},"15":{"type":"branch","line":77,"loc":{"start":{"line":77,"column":15},"end":{"line":77,"column":29}},"locations":[{"start":{"line":77,"column":15},"end":{"line":77,"column":29}}]},"16":{"type":"branch","line":77,"loc":{"start":{"line":77,"column":24},"end":{"line":77,"column":56}},"locations":[{"start":{"line":77,"column":24},"end":{"line":77,"column":56}}]},"17":{"type":"branch","line":78,"loc":{"start":{"line":78,"column":16},"end":{"line":78,"column":68}},"locations":[{"start":{"line":78,"column":16},"end":{"line":78,"column":68}}]},"18":{"type":"branch","line":78,"loc":{"start":{"line":78,"column":64},"end":{"line":78,"column":96}},"locations":[{"start":{"line":78,"column":64},"end":{"line":78,"column":96}}]},"19":{"type":"branch","line":91,"loc":{"start":{"line":91,"column":71},"end":{"line":102,"column":3}},"locations":[{"start":{"line":91,"column":71},"end":{"line":102,"column":3}}]},"20":{"type":"branch","line":102,"loc":{"start":{"line":102,"column":2},"end":{"line":114,"column":1}},"locations":[{"start":{"line":102,"column":2},"end":{"line":114,"column":1}}]},"21":{"type":"branch","line":36,"loc":{"start":{"line":36,"column":41},"end":{"line":36,"column":79}},"locations":[{"start":{"line":36,"column":41},"end":{"line":36,"column":79}}]},"22":{"type":"branch","line":39,"loc":{"start":{"line":39,"column":34},"end":{"line":39,"column":65}},"locations":[{"start":{"line":39,"column":34},"end":{"line":39,"column":65}}]},"23":{"type":"branch","line":40,"loc":{"start":{"line":40,"column":32},"end":{"line":40,"column":62}},"locations":[{"start":{"line":40,"column":32},"end":{"line":40,"column":62}}]},"24":{"type":"branch","line":45,"loc":{"start":{"line":45,"column":9},"end":{"line":48,"column":6}},"locations":[{"start":{"line":45,"column":9},"end":{"line":48,"column":6}}]},"25":{"type":"branch","line":49,"loc":{"start":{"line":49,"column":10},"end":{"line":49,"column":37}},"locations":[{"start":{"line":49,"column":10},"end":{"line":49,"column":37}}]},"26":{"type":"branch","line":58,"loc":{"start":{"line":58,"column":33},"end":{"line":58,"column":60}},"locations":[{"start":{"line":58,"column":33},"end":{"line":58,"column":60}}]},"27":{"type":"branch","line":59,"loc":{"start":{"line":59,"column":34},"end":{"line":59,"column":61}},"locations":[{"start":{"line":59,"column":34},"end":{"line":59,"column":61}}]},"28":{"type":"branch","line":122,"loc":{"start":{"line":122,"column":7},"end":{"line":152,"column":1}},"locations":[{"start":{"line":122,"column":7},"end":{"line":152,"column":1}}]},"29":{"type":"branch","line":127,"loc":{"start":{"line":127,"column":40},"end":{"line":127,"column":107}},"locations":[{"start":{"line":127,"column":40},"end":{"line":127,"column":107}}]},"30":{"type":"branch","line":127,"loc":{"start":{"line":127,"column":106},"end":{"line":132,"column":38}},"locations":[{"start":{"line":127,"column":106},"end":{"line":132,"column":38}}]},"31":{"type":"branch","line":132,"loc":{"start":{"line":132,"column":31},"end":{"line":132,"column":71}},"locations":[{"start":{"line":132,"column":31},"end":{"line":132,"column":71}}]},"32":{"type":"branch","line":132,"loc":{"start":{"line":132,"column":70},"end":{"line":139,"column":30}},"locations":[{"start":{"line":132,"column":70},"end":{"line":139,"column":30}}]},"33":{"type":"branch","line":139,"loc":{"start":{"line":139,"column":30},"end":{"line":144,"column":3}},"locations":[{"start":{"line":139,"column":30},"end":{"line":144,"column":3}}]},"34":{"type":"branch","line":140,"loc":{"start":{"line":140,"column":28},"end":{"line":140,"column":33}},"locations":[{"start":{"line":140,"column":28},"end":{"line":140,"column":33}}]},"35":{"type":"branch","line":140,"loc":{"start":{"line":140,"column":28},"end":{"line":142,"column":26}},"locations":[{"start":{"line":140,"column":28},"end":{"line":142,"column":26}}]},"36":{"type":"branch","line":142,"loc":{"start":{"line":142,"column":18},"end":{"line":142,"column":26}},"locations":[{"start":{"line":142,"column":18},"end":{"line":142,"column":26}}]},"37":{"type":"branch","line":142,"loc":{"start":{"line":142,"column":18},"end":{"line":144,"column":3}},"locations":[{"start":{"line":142,"column":18},"end":{"line":144,"column":3}}]},"38":{"type":"branch","line":144,"loc":{"start":{"line":144,"column":2},"end":{"line":152,"column":1}},"locations":[{"start":{"line":144,"column":2},"end":{"line":152,"column":1}}]},"39":{"type":"branch","line":129,"loc":{"start":{"line":129,"column":9},"end":{"line":129,"column":47}},"locations":[{"start":{"line":129,"column":9},"end":{"line":129,"column":47}}]},"40":{"type":"branch","line":130,"loc":{"start":{"line":130,"column":12},"end":{"line":130,"column":43}},"locations":[{"start":{"line":130,"column":12},"end":{"line":130,"column":43}}]},"41":{"type":"branch","line":137,"loc":{"start":{"line":137,"column":9},"end":{"line":137,"column":68}},"locations":[{"start":{"line":137,"column":9},"end":{"line":137,"column":68}}]},"42":{"type":"branch","line":138,"loc":{"start":{"line":138,"column":10},"end":{"line":138,"column":37}},"locations":[{"start":{"line":138,"column":10},"end":{"line":138,"column":37}}]},"43":{"type":"branch","line":141,"loc":{"start":{"line":141,"column":33},"end":{"line":141,"column":74}},"locations":[{"start":{"line":141,"column":33},"end":{"line":141,"column":74}}]},"44":{"type":"branch","line":146,"loc":{"start":{"line":146,"column":20},"end":{"line":150,"column":6}},"locations":[{"start":{"line":146,"column":20},"end":{"line":150,"column":6}}]},"45":{"type":"branch","line":148,"loc":{"start":{"line":148,"column":71},"end":{"line":148,"column":89}},"locations":[{"start":{"line":148,"column":71},"end":{"line":148,"column":89}}]},"46":{"type":"branch","line":154,"loc":{"start":{"line":154,"column":0},"end":{"line":157,"column":1}},"locations":[{"start":{"line":154,"column":0},"end":{"line":157,"column":1}}]},"47":{"type":"branch","line":156,"loc":{"start":{"line":156,"column":13},"end":{"line":156,"column":29}},"locations":[{"start":{"line":156,"column":13},"end":{"line":156,"column":29}}]},"48":{"type":"branch","line":156,"loc":{"start":{"line":156,"column":25},"end":{"line":156,"column":30}},"locations":[{"start":{"line":156,"column":25},"end":{"line":156,"column":30}}]},"49":{"type":"branch","line":160,"loc":{"start":{"line":160,"column":0},"end":{"line":165,"column":1}},"locations":[{"start":{"line":160,"column":0},"end":{"line":165,"column":1}}]},"50":{"type":"branch","line":161,"loc":{"start":{"line":161,"column":10},"end":{"line":161,"column":24}},"locations":[{"start":{"line":161,"column":10},"end":{"line":161,"column":24}}]},"51":{"type":"branch","line":161,"loc":{"start":{"line":161,"column":24},"end":{"line":161,"column":34}},"locations":[{"start":{"line":161,"column":24},"end":{"line":161,"column":34}}]},"52":{"type":"branch","line":161,"loc":{"start":{"line":161,"column":31},"end":{"line":165,"column":1}},"locations":[{"start":{"line":161,"column":31},"end":{"line":165,"column":1}}]},"53":{"type":"branch","line":167,"loc":{"start":{"line":167,"column":0},"end":{"line":171,"column":1}},"locations":[{"start":{"line":167,"column":0},"end":{"line":171,"column":1}}]},"54":{"type":"branch","line":177,"loc":{"start":{"line":177,"column":0},"end":{"line":193,"column":1}},"locations":[{"start":{"line":177,"column":0},"end":{"line":193,"column":1}}]},"55":{"type":"branch","line":179,"loc":{"start":{"line":179,"column":12},"end":{"line":186,"column":3}},"locations":[{"start":{"line":179,"column":12},"end":{"line":186,"column":3}}]},"56":{"type":"branch","line":186,"loc":{"start":{"line":186,"column":2},"end":{"line":193,"column":1}},"locations":[{"start":{"line":186,"column":2},"end":{"line":193,"column":1}}]}},"b":{"0":[28],"1":[1],"2":[27],"3":[25],"4":[2],"5":[27],"6":[0],"7":[12],"8":[15],"9":[3],"10":[24],"11":[3],"12":[24],"13":[3],"14":[24],"15":[3],"16":[24],"17":[3],"18":[24],"19":[10],"20":[27],"21":[105],"22":[105],"23":[105],"24":[81],"25":[96],"26":[103],"27":[107],"28":[6],"29":[1],"30":[5],"31":[1],"32":[4],"33":[15],"34":[1],"35":[14],"36":[1],"37":[13],"38":[4],"39":[21],"40":[21],"41":[18],"42":[28],"43":[19],"44":[13],"45":[56],"46":[19],"47":[6],"48":[13],"49":[99],"50":[94],"51":[7],"52":[92],"53":[27],"54":[27],"55":[3],"56":[24]},"fnMap":{"0":{"name":"paletteFromHint","decl":{"start":{"line":32,"column":7},"end":{"line":114,"column":1}},"loc":{"start":{"line":32,"column":7},"end":{"line":114,"column":1}},"line":32},"1":{"name":"paletteAlternatives","decl":{"start":{"line":122,"column":7},"end":{"line":152,"column":1}},"loc":{"start":{"line":122,"column":7},"end":{"line":152,"column":1}},"line":122},"2":{"name":"hueDistance","decl":{"start":{"line":154,"column":0},"end":{"line":157,"column":1}},"loc":{"start":{"line":154,"column":0},"end":{"line":157,"column":1}},"line":154},"3":{"name":"readabilityFactor","decl":{"start":{"line":160,"column":0},"end":{"line":165,"column":1}},"loc":{"start":{"line":160,"column":0},"end":{"line":165,"column":1}},"line":160},"4":{"name":"clampAccentLightness","decl":{"start":{"line":167,"column":0},"end":{"line":171,"column":1}},"loc":{"start":{"line":167,"column":0},"end":{"line":171,"column":1}},"line":167},"5":{"name":"gradientFromAccent","decl":{"start":{"line":177,"column":0},"end":{"line":193,"column":1}},"loc":{"start":{"line":177,"column":0},"end":{"line":193,"column":1}},"line":177}},"f":{"0":28,"1":6,"2":19,"3":99,"4":27,"5":27}}
,"C:\\Users\\nowbo\\proj-gen\\src\\lib\\serialize.ts": {"path":"C:\\Users\\nowbo\\proj-gen\\src\\lib\\serialize.ts","all":false,"statementMap":{"0":{"start":{"line":1,"column":0},"end":{"line":1,"column":70}},"9":{"start":{"line":10,"column":0},"end":{"line":10,"column":63}},"11":{"start":{"line":12,"column":0},"end":{"line":12,"column":19}},"12":{"start":{"line":13,"column":0},"end":{"line":13,"column":16}},"13":{"start":{"line":14,"column":0},"end":{"line":14,"column":16}},"14":{"start":{"line":15,"column":0},"end":{"line":15,"column":16}},"15":{"start":{"line":16,"column":0},"end":{"line":16,"column":27}},"16":{"start":{"line":17,"column":0},"end":{"line":17,"column":1}},"18":{"start":{"line":19,"column":0},"end":{"line":19,"column":34}},"19":{"start":{"line":20,"column":0},"end":{"line":20,"column":15}},"20":{"start":{"line":21,"column":0},"end":{"line":21,"column":19}},"21":{"start":{"line":22,"column":0},"end":{"line":22,"column":60}},"22":{"start":{"line":23,"column":0},"end":{"line":23,"column":23}},"23":{"start":{"line":24,"column":0},"end":{"line":24,"column":27}},"24":{"start":{"line":25,"column":0},"end":{"line":25,"column":23}},"25":{"start":{"line":26,"column":0},"end":{"line":26,"column":21}},"26":{"start":{"line":27,"column":0},"end":{"line":27,"column":19}},"27":{"start":{"line":28,"column":0},"end":{"line":28,"column":33}},"28":{"start":{"line":29,"column":0},"end":{"line":29,"column":39}},"29":{"start":{"line":30,"column":0},"end":{"line":30,"column":36}},"30":{"start":{"line":31,"column":0},"end":{"line":31,"column":56}},"31":{"start":{"line":32,"column":0},"end":{"line":32,"column":85}},"32":{"start":{"line":33,"column":0},"end":{"line":33,"column":9}},"33":{"start":{"line":34,"column":0},"end":{"line":34,"column":75}},"34":{"start":{"line":35,"column":0},"end":{"line":35,"column":16}},"35":{"start":{"line":36,"column":0},"end":{"line":36,"column":2}},"37":{"start":{"line":38,"column":0},"end":{"line":38,"column":47}},"38":{"start":{"line":39,"column":0},"end":{"line":39,"column":17}},"39":{"start":{"line":40,"column":0},"end":{"line":40,"column":17}},"40":{"start":{"line":41,"column":0},"end":{"line":41,"column":2}},"42":{"start":{"line":43,"column":0},"end":{"line":43,"column":35}},"43":{"start":{"line":44,"column":0},"end":{"line":44,"column":15}},"44":{"start":{"line":45,"column":0},"end":{"line":45,"column":29}},"45":{"start":{"line":46,"column":0},"end":{"line":46,"column":17}},"46":{"start":{"line":47,"column":0},"end":{"line":47,"column":36}},"47":{"start":{"line":48,"column":0},"end":{"line":48,"column":32}},"48":{"start":{"line":49,"column":0},"end":{"line":49,"column":32}},"49":{"start":{"line":50,"column":0},"end":{"line":50,"column":2}},"51":{"start":{"line":52,"column":0},"end":{"line":52,"column":34}},"52":{"start":{"line":53,"column":0},"end":{"line":53,"column":15}},"53":{"start":{"line":54,"column":0},"end":{"line":54,"column":29}},"54":{"start":{"line":55,"column":0},"end":{"line":55,"column":24}},"55":{"start":{"line":56,"column":0},"end":{"line":56,"column":2}},"57":{"start":{"line":58,"column":0},"end":{"line":58,"column":30}},"58":{"start":{"line":59,"column":0},"end":{"line":59,"column":16}},"59":{"start":{"line":60,"column":0},"end":{"line":60,"column":16}},"60":{"start":{"line":61,"column":0},"end":{"line":61,"column":20}},"61":{"start":{"line":62,"column":0},"end":{"line":62,"column":22}},"62":{"start":{"line":63,"column":0},"end":{"line":63,"column":2}},"64":{"start":{"line":65,"column":0},"end":{"line":65,"column":55}},"65":{"start":{"line":66,"column":0},"end":{"line":66,"column":12}},"66":{"start":{"line":67,"column":0},"end":{"line":67,"column":32}},"67":{"start":{"line":68,"column":0},"end":{"line":68,"column":21}},"68":{"start":{"line":69,"column":0},"end":{"line":69,"column":68}},"69":{"start":{"line":70,"column":0},"end":{"line":70,"column":5}},"70":{"start":{"line":71,"column":0},"end":{"line":71,"column":60}},"71":{"start":{"line":72,"column":0},"end":{"line":72,"column":59}},"72":{"start":{"line":73,"column":0},"end":{"line":73,"column":12}},"73":{"start":{"line":74,"column":0},"end":{"line":74,"column":29}},"74":{"start":{"line":75,"column":0},"end":{"line":75,"column":18}},"75":{"start":{"line":76,"column":0},"end":{"line":76,"column":18}},"76":{"start":{"line":77,"column":0},"end":{"line":77,"column":50}},"77":{"start":{"line":78,"column":0},"end":{"line":78,"column":5}},"78":{"start":{"line":79,"column":0},"end":{"line":79,"column":2}},"80":{"start":{"line":81,"column":0},"end":{"line":81,"column":50}},"81":{"start":{"line":82,"column":0},"end":{"line":82,"column":12}},"82":{"start":{"line":83,"column":0},"end":{"line":83,"column":37}},"83":{"start":{"line":84,"column":0},"end":{"line":84,"column":45}},"84":{"start":{"line":85,"column":0},"end":{"line":85,"column":21}},"85":{"start":{"line":86,"column":0},"end":{"line":86,"column":22}},"86":{"start":{"line":87,"column":0},"end":{"line":87,"column":24}},"87":{"start":{"line":88,"column":0},"end":{"line":88,"column":5}},"88":{"start":{"line":89,"column":0},"end":{"line":89,"column":12}},"89":{"start":{"line":90,"column":0},"end":{"line":90,"column":39}},"90":{"start":{"line":91,"column":0},"end":{"line":91,"column":22}},"91":{"start":{"line":92,"column":0},"end":{"line":92,"column":24}},"92":{"start":{"line":93,"column":0},"end":{"line":93,"column":5}},"93":{"start":{"line":94,"column":0},"end":{"line":94,"column":12}},"94":{"start":{"line":95,"column":0},"end":{"line":95,"column":28}},"95":{"start":{"line":96,"column":0},"end":{"line":96,"column":18}},"96":{"start":{"line":97,"column":0},"end":{"line":97,"column":22}},"97":{"start":{"line":98,"column":0},"end":{"line":98,"column":24}},"98":{"start":{"line":99,"column":0},"end":{"line":99,"column":5}},"99":{"start":{"line":100,"column":0},"end":{"line":100,"column":12}},"100":{"start":{"line":101,"column":0},"end":{"line":101,"column":35}},"101":{"start":{"line":102,"column":0},"end":{"line":102,"column":24}},"102":{"start":{"line":103,"column":0},"end":{"line":103,"column":22}},"103":{"start":{"line":104,"column":0},"end":{"line":104,"column":24}},"104":{"start":{"line":105,"column":0},"end":{"line":105,"column":5}},"105":{"start":{"line":106,"column":0},"end":{"line":106,"column":12}},"106":{"start":{"line":107,"column":0},"end":{"line":107,"column":38}},"107":{"start":{"line":108,"column":0},"end":{"line":108,"column":45}},"108":{"start":{"line":109,"column":0},"end":{"line":109,"column":21}},"109":{"start":{"line":110,"column":0},"end":{"line":110,"column":22}},"110":{"start":{"line":111,"column":0},"end":{"line":111,"column":24}},"111":{"start":{"line":112,"column":0},"end":{"line":112,"column":5}},"112":{"start":{"line":113,"column":0},"end":{"line":113,"column":12}},"113":{"start":{"line":114,"column":0},"end":{"line":114,"column":35}},"114":{"start":{"line":115,"column":0},"end":{"line":115,"column":53}},"115":{"start":{"line":116,"column":0},"end":{"line":116,"column":21}},"116":{"start":{"line":117,"column":0},"end":{"line":117,"column":22}},"117":{"start":{"line":118,"column":0},"end":{"line":118,"column":24}},"118":{"start":{"line":119,"column":0},"end":{"line":119,"column":5}},"119":{"start":{"line":120,"column":0},"end":{"line":120,"column":12}},"120":{"start":{"line":121,"column":0},"end":{"line":121,"column":29}},"121":{"start":{"line":122,"column":0},"end":{"line":122,"column":21}},"122":{"start":{"line":123,"column":0},"end":{"line":123,"column":26}},"123":{"start":{"line":124,"column":0},"end":{"line":124,"column":5}},"124":{"start":{"line":125,"column":0},"end":{"line":125,"column":2}},"126":{"start":{"line":127,"column":0},"end":{"line":127,"column":30}},"127":{"start":{"line":128,"column":0},"end":{"line":128,"column":31}},"128":{"start":{"line":129,"column":0},"end":{"line":129,"column":21}},"129":{"start":{"line":130,"column":0},"end":{"line":130,"column":32}},"130":{"start":{"line":131,"column":0},"end":{"line":131,"column":32}},"131":{"start":{"line":132,"column":0},"end":{"line":132,"column":36}},"132":{"start":{"line":133,"column":0},"end":{"line":133,"column":39}},"133":{"start":{"line":134,"column":0},"end":{"line":134,"column":33}},"134":{"start":{"line":135,"column":0},"end":{"line":135,"column":36}},"135":{"start":{"line":136,"column":0},"end":{"line":136,"column":35}},"136":{"start":{"line":137,"column":0},"end":{"line":137,"column":37}},"137":{"start":{"line":138,"column":0},"end":{"line":138,"column":2}},"139":{"start":{"line":140,"column":0},"end":{"line":140,"column":84}},"140":{"start":{"line":141,"column":0},"end":{"line":141,"column":34}},"141":{"start":{"line":142,"column":0},"end":{"line":142,"column":16}},"142":{"start":{"line":143,"column":0},"end":{"line":143,"column":16}},"143":{"start":{"line":144,"column":0},"end":{"line":144,"column":16}},"144":{"start":{"line":145,"column":0},"end":{"line":145,"column":27}},"145":{"start":{"line":146,"column":0},"end":{"line":146,"column":2}},"147":{"start":{"line":148,"column":0},"end":{"line":148,"column":61}},"149":{"start":{"line":150,"column":0},"end":{"line":150,"column":32}},"150":{"start":{"line":151,"column":0},"end":{"line":151,"column":18}},"151":{"start":{"line":152,"column":0},"end":{"line":152,"column":23}},"152":{"start":{"line":153,"column":0},"end":{"line":153,"column":22}},"153":{"start":{"line":154,"column":0},"end":{"line":154,"column":21}},"154":{"start":{"line":155,"column":0},"end":{"line":155,"column":25}},"155":{"start":{"line":156,"column":0},"end":{"line":156,"column":2}},"157":{"start":{"line":158,"column":0},"end":{"line":158,"column":33}},"158":{"start":{"line":159,"column":0},"end":{"line":159,"column":24}},"159":{"start":{"line":160,"column":0},"end":{"line":160,"column":26}},"160":{"start":{"line":161,"column":0},"end":{"line":161,"column":23}},"161":{"start":{"line":162,"column":0},"end":{"line":162,"column":25}},"162":{"start":{"line":163,"column":0},"end":{"line":163,"column":22}},"163":{"start":{"line":164,"column":0},"end":{"line":164,"column":16}},"164":{"start":{"line":165,"column":0},"end":{"line":165,"column":13}},"165":{"start":{"line":166,"column":0},"end":{"line":166,"column":21}},"166":{"start":{"line":167,"column":0},"end":{"line":167,"column":73}},"167":{"start":{"line":168,"column":0},"end":{"line":168,"column":74}},"168":{"start":{"line":169,"column":0},"end":{"line":169,"column":20}},"169":{"start":{"line":170,"column":0},"end":{"line":170,"column":6}},"170":{"start":{"line":171,"column":0},"end":{"line":171,"column":49}},"171":{"start":{"line":172,"column":0},"end":{"line":172,"column":2}},"173":{"start":{"line":174,"column":0},"end":{"line":174,"column":45}},"174":{"start":{"line":175,"column":0},"end":{"line":175,"column":17}},"175":{"start":{"line":176,"column":0},"end":{"line":176,"column":19}},"176":{"start":{"line":177,"column":0},"end":{"line":177,"column":27}},"177":{"start":{"line":178,"column":0},"end":{"line":178,"column":24}},"178":{"start":{"line":179,"column":0},"end":{"line":179,"column":2}},"180":{"start":{"line":181,"column":0},"end":{"line":181,"column":67}},"182":{"start":{"line":183,"column":0},"end":{"line":183,"column":39}},"183":{"start":{"line":184,"column":0},"end":{"line":184,"column":18}},"184":{"start":{"line":185,"column":0},"end":{"line":185,"column":22}},"185":{"start":{"line":186,"column":0},"end":{"line":186,"column":17}},"186":{"start":{"line":187,"column":0},"end":{"line":187,"column":26}},"187":{"start":{"line":188,"column":0},"end":{"line":188,"column":2}},"189":{"start":{"line":190,"column":0},"end":{"line":190,"column":34}},"190":{"start":{"line":191,"column":0},"end":{"line":191,"column":20}},"191":{"start":{"line":192,"column":0},"end":{"line":192,"column":21}},"192":{"start":{"line":193,"column":0},"end":{"line":193,"column":26}},"193":{"start":{"line":194,"column":0},"end":{"line":194,"column":38}},"194":{"start":{"line":195,"column":0},"end":{"line":195,"column":32}},"195":{"start":{"line":196,"column":0},"end":{"line":196,"column":46}},"196":{"start":{"line":197,"column":0},"end":{"line":197,"column":58}},"197":{"start":{"line":198,"column":0},"end":{"line":198,"column":2}},"199":{"start":{"line":200,"column":0},"end":{"line":200,"column":32}},"200":{"start":{"line":201,"column":0},"end":{"line":201,"column":21}},"201":{"start":{"line":202,"column":0},"end":{"line":202,"column":26}},"202":{"start":{"line":203,"column":0},"end":{"line":203,"column":18}},"203":{"start":{"line":204,"column":0},"end":{"line":204,"column":19}},"204":{"start":{"line":205,"column":0},"end":{"line":205,"column":2}},"205":{"start":{"line":206,"column":0},"end":{"line":206,"column":87}},"207":{"start":{"line":208,"column":0},"end":{"line":208,"column":38}},"208":{"start":{"line":209,"column":0},"end":{"line":209,"column":26}},"209":{"start":{"line":210,"column":0},"end":{"line":210,"column":20}},"210":{"start":{"line":211,"column":0},"end":{"line":211,"column":20}},"211":{"start":{"line":212,"column":0},"end":{"line":212,"column":21}},"212":{"start":{"line":213,"column":0},"end":{"line":213,"column":26}},"213":{"start":{"line":214,"column":0},"end":{"line":214,"column":99}},"214":{"start":{"line":215,"column":0},"end":{"line":215,"column":21}},"215":{"start":{"line":216,"column":0},"end":{"line":216,"column":27}},"216":{"start":{"line":217,"column":0},"end":{"line":217,"column":28}},"217":{"start":{"line":218,"column":0},"end":{"line":218,"column":40}},"218":{"start":{"line":219,"column":0},"end":{"line":219,"column":43}},"219":{"start":{"line":220,"column":0},"end":{"line":220,"column":2}},"221":{"start":{"line":222,"column":0},"end":{"line":222,"column":110}},"223":{"start":{"line":224,"column":0},"end":{"line":224,"column":39}},"224":{"start":{"line":225,"column":0},"end":{"line":225,"column":17}},"225":{"start":{"line":226,"column":0},"end":{"line":226,"column":19}},"226":{"start":{"line":227,"column":0},"end":{"line":227,"column":22}},"227":{"start":{"line":228,"column":0},"end":{"line":228,"column":28}},"228":{"start":{"line":229,"column":0},"end":{"line":229,"column":27}},"229":{"start":{"line":230,"column":0},"end":{"line":230,"column":68}},"230":{"start":{"line":231,"column":0},"end":{"line":231,"column":70}},"231":{"start":{"line":232,"column":0},"end":{"line":232,"column":40}},"232":{"start":{"line":233,"column":0},"end":{"line":233,"column":34}},"233":{"start":{"line":234,"column":0},"end":{"line":234,"column":33}},"234":{"start":{"line":235,"column":0},"end":{"line":235,"column":47}},"235":{"start":{"line":236,"column":0},"end":{"line":236,"column":83}},"236":{"start":{"line":237,"column":0},"end":{"line":237,"column":16}},"237":{"start":{"line":238,"column":0},"end":{"line":238,"column":75}},"238":{"start":{"line":239,"column":0},"end":{"line":239,"column":16}},"239":{"start":{"line":240,"column":0},"end":{"line":240,"column":50}},"240":{"start":{"line":241,"column":0},"end":{"line":241,"column":40}},"241":{"start":{"line":242,"column":0},"end":{"line":242,"column":38}},"242":{"start":{"line":243,"column":0},"end":{"line":243,"column":51}},"243":{"start":{"line":244,"column":0},"end":{"line":244,"column":57}},"244":{"start":{"line":245,"column":0},"end":{"line":245,"column":2}},"250":{"start":{"line":251,"column":0},"end":{"line":251,"column":52}},"251":{"start":{"line":252,"column":0},"end":{"line":252,"column":70}},"252":{"start":{"line":253,"column":0},"end":{"line":253,"column":47}},"253":{"start":{"line":254,"column":0},"end":{"line":254,"column":61}},"254":{"start":{"line":255,"column":0},"end":{"line":255,"column":39}},"255":{"start":{"line":256,"column":0},"end":{"line":256,"column":39}},"256":{"start":{"line":257,"column":0},"end":{"line":257,"column":14}},"257":{"start":{"line":258,"column":0},"end":{"line":258,"column":29}},"258":{"start":{"line":259,"column":0},"end":{"line":259,"column":30}},"259":{"start":{"line":260,"column":0},"end":{"line":260,"column":11}},"260":{"start":{"line":261,"column":0},"end":{"line":261,"column":30}},"261":{"start":{"line":262,"column":0},"end":{"line":262,"column":57}},"262":{"start":{"line":263,"column":0},"end":{"line":263,"column":1}},"264":{"start":{"line":265,"column":0},"end":{"line":265,"column":64}},"265":{"start":{"line":266,"column":0},"end":{"line":266,"column":32}},"266":{"start":{"line":267,"column":0},"end":{"line":267,"column":21}},"267":{"start":{"line":268,"column":0},"end":{"line":268,"column":7}},"268":{"start":{"line":269,"column":0},"end":{"line":269,"column":29}},"269":{"start":{"line":270,"column":0},"end":{"line":270,"column":15}},"270":{"start":{"line":271,"column":0},"end":{"line":271,"column":44}},"271":{"start":{"line":272,"column":0},"end":{"line":272,"column":3}},"272":{"start":{"line":273,"column":0},"end":{"line":273,"column":48}},"273":{"start":{"line":274,"column":0},"end":{"line":274,"column":24}},"274":{"start":{"line":275,"column":0},"end":{"line":275,"column":93}},"275":{"start":{"line":276,"column":0},"end":{"line":276,"column":3}},"276":{"start":{"line":277,"column":0},"end":{"line":277,"column":31}},"277":{"start":{"line":278,"column":0},"end":{"line":278,"column":1}},"279":{"start":{"line":280,"column":0},"end":{"line":280,"column":73}},"280":{"start":{"line":281,"column":0},"end":{"line":281,"column":57}},"281":{"start":{"line":282,"column":0},"end":{"line":282,"column":32}},"282":{"start":{"line":283,"column":0},"end":{"line":283,"column":39}},"283":{"start":{"line":284,"column":0},"end":{"line":284,"column":1}}},"s":{"0":1,"9":1,"11":1,"12":1,"13":1,"14":1,"15":1,"16":1,"18":1,"19":1,"20":1,"21":1,"22":1,"23":1,"24":1,"25":1,"26":1,"27":1,"28":1,"29":1,"30":1,"31":1,"32":1,"33":1,"34":1,"35":1,"37":1,"38":1,"39":1,"40":1,"42":1,"43":1,"44":1,"45":1,"46":1,"47":1,"48":1,"49":1,"51":1,"52":1,"53":1,"54":1,"55":1,"57":1,"58":1,"59":1,"60":1,"61":1,"62":1,"64":1,"65":1,"66":1,"67":1,"68":1,"69":1,"70":1,"71":1,"72":1,"73":1,"74":1,"75":1,"76":1,"77":1,"78":1,"80":1,"81":1,"82":1,"83":1,"84":1,"85":1,"86":1,"87":1,"88":1,"89":1,"90":1,"91":1,"92":1,"93":1,"94":1,"95":1,"96":1,"97":1,"98":1,"99":1,"100":1,"101":1,"102":1,"103":1,"104":1,"105":1,"106":1,"107":1,"108":1,"109":1,"110":1,"111":1,"112":1,"113":1,"114":1,"115":1,"116":1,"117":1,"118":1,"119":1,"120":1,"121":1,"122":1,"123":1,"124":1,"126":1,"127":1,"128":1,"129":1,"130":1,"131":1,"132":1,"133":1,"134":1,"135":1,"136":1,"137":1,"139":1,"140":1,"141":1,"142":1,"143":1,"144":1,"145":1,"147":1,"149":1,"150":1,"151":1,"152":1,"153":1,"154":1,"155":1,"157":1,"158":1,"159":1,"160":1,"161":1,"162":1,"163":1,"164":1,"165":1,"166":11,"167":10,"168":1,"169":1,"170":1,"171":1,"173":1,"174":1,"175":1,"176":1,"177":1,"178":1,"180":1,"182":1,"183":1,"184":1,"185":1,"186":1,"187":1,"189":1,"190":1,"191":1,"192":1,"193":1,"194":1,"195":1,"196":1,"197":1,"199":1,"200":1,"201":1,"202":1,"203":1,"204":1,"205":1,"207":1,"208":1,"209":1,"210":1,"211":1,"212":1,"213":1,"214":1,"215":1,"216":1,"217":1,"218":1,"219":1,"221":1,"223":1,"224":1,"225":1,"226":1,"227":1,"228":1,"229":1,"230":1,"231":1,"232":1,"233":1,"234":1,"235":1,"236":1,"237":1,"238":1,"239":1,"240":1,"241":1,"242":1,"243":1,"244":1,"250":1,"251":0,"252":0,"253":0,"254":0,"255":0,"256":0,"257":0,"258":0,"259":0,"260":0,"261":0,"262":0,"264":3,"265":3,"266":3,"267":3,"268":3,"269":3,"270":1,"271":1,"272":2,"273":3,"274":1,"275":1,"276":1,"277":1,"279":1,"280":5,"281":5,"282":1,"283":1},"branchMap":{"0":{"type":"branch","line":166,"loc":{"start":{"line":166,"column":15},"end":{"line":169,"column":20}},"locations":[{"start":{"line":166,"column":15},"end":{"line":169,"column":20}}]},"1":{"type":"branch","line":167,"loc":{"start":{"line":167,"column":72},"end":{"line":168,"column":74}},"locations":[{"start":{"line":167,"column":72},"end":{"line":168,"column":74}}]},"2":{"type":"branch","line":168,"loc":{"start":{"line":168,"column":11},"end":{"line":169,"column":20}},"locations":[{"start":{"line":168,"column":11},"end":{"line":169,"column":20}}]},"3":{"type":"branch","line":265,"loc":{"start":{"line":265,"column":0},"end":{"line":278,"column":1}},"locations":[{"start":{"line":265,"column":0},"end":{"line":278,"column":1}}]},"4":{"type":"branch","line":270,"loc":{"start":{"line":270,"column":2},"end":{"line":272,"column":3}},"locations":[{"start":{"line":270,"column":2},"end":{"line":272,"column":3}}]},"5":{"type":"branch","line":272,"loc":{"start":{"line":272,"column":2},"end":{"line":274,"column":23}},"locations":[{"start":{"line":272,"column":2},"end":{"line":274,"column":23}}]},"6":{"type":"branch","line":274,"loc":{"start":{"line":274,"column":23},"end":{"line":278,"column":1}},"locations":[{"start":{"line":274,"column":23},"end":{"line":278,"column":1}}]},"7":{"type":"branch","line":280,"loc":{"start":{"line":280,"column":7},"end":{"line":284,"column":1}},"locations":[{"start":{"line":280,"column":7},"end":{"line":284,"column":1}}]},"8":{"type":"branch","line":282,"loc":{"start":{"line":282,"column":23},"end":{"line":282,"column":32}},"locations":[{"start":{"line":282,"column":23},"end":{"line":282,"column":32}}]},"9":{"type":"branch","line":282,"loc":{"start":{"line":282,"column":31},"end":{"line":284,"column":1}},"locations":[{"start":{"line":282,"column":31},"end":{"line":284,"column":1}}]}},"b":{"0":[11],"1":[10],"2":[1],"3":[3],"4":[1],"5":[2],"6":[1],"7":[5],"8":[4],"9":[1]},"fnMap":{"0":{"name":"exportJson","decl":{"start":{"line":251,"column":7},"end":{"line":263,"column":1}},"loc":{"start":{"line":251,"column":7},"end":{"line":263,"column":1}},"line":251},"1":{"name":"importJson","decl":{"start":{"line":265,"column":0},"end":{"line":278,"column":1}},"loc":{"start":{"line":265,"column":0},"end":{"line":278,"column":1}},"line":265},"2":{"name":"parseBrandSnapshotList","decl":{"start":{"line":280,"column":7},"end":{"line":284,"column":1}},"loc":{"start":{"line":280,"column":7},"end":{"line":284,"column":1}},"line":280}},"f":{"0":0,"1":3,"2":5}}
}
